{"C:\\Studies\\systenD\\EZWait\\controllers\\appointmentController.js":{"path":"C:\\Studies\\systenD\\EZWait\\controllers\\appointmentController.js","statementMap":{"0":{"start":{"line":2,"column":20},"end":{"line":2,"column":58}},"1":{"start":{"line":3,"column":17},"end":{"line":3,"column":52}},"2":{"start":{"line":4,"column":27},"end":{"line":4,"column":71}},"3":{"start":{"line":5,"column":30},"end":{"line":5,"column":77}},"4":{"start":{"line":6,"column":27},"end":{"line":6,"column":66}},"5":{"start":{"line":7,"column":16},"end":{"line":7,"column":54}},"6":{"start":{"line":8,"column":21},"end":{"line":8,"column":53}},"7":{"start":{"line":9,"column":27},"end":{"line":9,"column":63}},"8":{"start":{"line":10,"column":28},"end":{"line":10,"column":64}},"9":{"start":{"line":11,"column":0},"end":{"line":127,"column":2}},"10":{"start":{"line":13,"column":6},"end":{"line":19,"column":8}},"11":{"start":{"line":15,"column":8},"end":{"line":15,"column":73}},"12":{"start":{"line":15,"column":26},"end":{"line":15,"column":73}},"13":{"start":{"line":16,"column":8},"end":{"line":16,"column":43}},"14":{"start":{"line":18,"column":8},"end":{"line":18,"column":42}},"15":{"start":{"line":22,"column":6},"end":{"line":28,"column":8}},"16":{"start":{"line":24,"column":8},"end":{"line":24,"column":73}},"17":{"start":{"line":24,"column":26},"end":{"line":24,"column":73}},"18":{"start":{"line":25,"column":8},"end":{"line":25,"column":43}},"19":{"start":{"line":27,"column":8},"end":{"line":27,"column":42}},"20":{"start":{"line":31,"column":6},"end":{"line":38,"column":13}},"21":{"start":{"line":33,"column":14},"end":{"line":33,"column":83}},"22":{"start":{"line":33,"column":31},"end":{"line":33,"column":83}},"23":{"start":{"line":34,"column":14},"end":{"line":34,"column":48}},"24":{"start":{"line":37,"column":14},"end":{"line":37,"column":48}},"25":{"start":{"line":41,"column":4},"end":{"line":48,"column":7}},"26":{"start":{"line":43,"column":6},"end":{"line":43,"column":80}},"27":{"start":{"line":43,"column":24},"end":{"line":43,"column":80}},"28":{"start":{"line":44,"column":6},"end":{"line":44,"column":41}},"29":{"start":{"line":47,"column":6},"end":{"line":47,"column":40}},"30":{"start":{"line":51,"column":4},"end":{"line":57,"column":5}},"31":{"start":{"line":52,"column":25},"end":{"line":52,"column":71}},"32":{"start":{"line":53,"column":8},"end":{"line":53,"column":81}},"33":{"start":{"line":53,"column":22},"end":{"line":53,"column":81}},"34":{"start":{"line":54,"column":8},"end":{"line":54,"column":39}},"35":{"start":{"line":56,"column":8},"end":{"line":56,"column":44}},"36":{"start":{"line":61,"column":4},"end":{"line":68,"column":5}},"37":{"start":{"line":62,"column":27},"end":{"line":62,"column":71}},"38":{"start":{"line":63,"column":6},"end":{"line":63,"column":80}},"39":{"start":{"line":63,"column":24},"end":{"line":63,"column":80}},"40":{"start":{"line":64,"column":6},"end":{"line":64,"column":41}},"41":{"start":{"line":66,"column":8},"end":{"line":66,"column":29}},"42":{"start":{"line":67,"column":8},"end":{"line":67,"column":44}},"43":{"start":{"line":71,"column":4},"end":{"line":78,"column":5}},"44":{"start":{"line":72,"column":21},"end":{"line":72,"column":76}},"45":{"start":{"line":73,"column":23},"end":{"line":73,"column":45}},"46":{"start":{"line":74,"column":6},"end":{"line":74,"column":71}},"47":{"start":{"line":74,"column":20},"end":{"line":74,"column":71}},"48":{"start":{"line":75,"column":6},"end":{"line":75,"column":37}},"49":{"start":{"line":77,"column":6},"end":{"line":77,"column":42}},"50":{"start":{"line":81,"column":26},"end":{"line":81,"column":48}},"51":{"start":{"line":82,"column":22},"end":{"line":82,"column":37}},"52":{"start":{"line":83,"column":4},"end":{"line":90,"column":11}},"53":{"start":{"line":85,"column":12},"end":{"line":85,"column":103}},"54":{"start":{"line":85,"column":36},"end":{"line":85,"column":103}},"55":{"start":{"line":86,"column":12},"end":{"line":86,"column":53}},"56":{"start":{"line":89,"column":12},"end":{"line":89,"column":46}},"57":{"start":{"line":93,"column":4},"end":{"line":104,"column":5}},"58":{"start":{"line":94,"column":19},"end":{"line":94,"column":42}},"59":{"start":{"line":95,"column":6},"end":{"line":95,"column":69}},"60":{"start":{"line":96,"column":28},"end":{"line":96,"column":48}},"61":{"start":{"line":97,"column":6},"end":{"line":97,"column":83}},"62":{"start":{"line":98,"column":23},"end":{"line":98,"column":51}},"63":{"start":{"line":99,"column":6},"end":{"line":99,"column":68}},"64":{"start":{"line":99,"column":20},"end":{"line":99,"column":68}},"65":{"start":{"line":100,"column":6},"end":{"line":100,"column":33}},"66":{"start":{"line":102,"column":6},"end":{"line":102,"column":27}},"67":{"start":{"line":103,"column":6},"end":{"line":103,"column":52}},"68":{"start":{"line":107,"column":4},"end":{"line":125,"column":5}},"69":{"start":{"line":108,"column":25},"end":{"line":108,"column":39}},"70":{"start":{"line":109,"column":25},"end":{"line":109,"column":45}},"71":{"start":{"line":110,"column":19},"end":{"line":110,"column":43}},"72":{"start":{"line":111,"column":20},"end":{"line":111,"column":70}},"73":{"start":{"line":112,"column":18},"end":{"line":112,"column":63}},"74":{"start":{"line":113,"column":17},"end":{"line":113,"column":72}},"75":{"start":{"line":114,"column":30},"end":{"line":114,"column":102}},"76":{"start":{"line":114,"column":76},"end":{"line":114,"column":101}},"77":{"start":{"line":115,"column":31},"end":{"line":115,"column":33}},"78":{"start":{"line":116,"column":6},"end":{"line":120,"column":7}},"79":{"start":{"line":116,"column":19},"end":{"line":116,"column":20}},"80":{"start":{"line":117,"column":32},"end":{"line":117,"column":50}},"81":{"start":{"line":118,"column":28},"end":{"line":118,"column":88}},"82":{"start":{"line":119,"column":10},"end":{"line":119,"column":45}},"83":{"start":{"line":121,"column":6},"end":{"line":121,"column":82}},"84":{"start":{"line":121,"column":28},"end":{"line":121,"column":82}},"85":{"start":{"line":122,"column":6},"end":{"line":122,"column":45}},"86":{"start":{"line":124,"column":8},"end":{"line":124,"column":44}}},"fnMap":{"0":{"name":"(anonymous_0)","decl":{"start":{"line":12,"column":23},"end":{"line":12,"column":24}},"loc":{"start":{"line":12,"column":37},"end":{"line":20,"column":5}},"line":12},"1":{"name":"(anonymous_1)","decl":{"start":{"line":14,"column":12},"end":{"line":14,"column":13}},"loc":{"start":{"line":14,"column":29},"end":{"line":17,"column":7}},"line":14},"2":{"name":"(anonymous_2)","decl":{"start":{"line":17,"column":15},"end":{"line":17,"column":16}},"loc":{"start":{"line":17,"column":22},"end":{"line":19,"column":7}},"line":17},"3":{"name":"(anonymous_3)","decl":{"start":{"line":21,"column":23},"end":{"line":21,"column":24}},"loc":{"start":{"line":21,"column":37},"end":{"line":29,"column":5}},"line":21},"4":{"name":"(anonymous_4)","decl":{"start":{"line":23,"column":12},"end":{"line":23,"column":13}},"loc":{"start":{"line":23,"column":29},"end":{"line":26,"column":7}},"line":23},"5":{"name":"(anonymous_5)","decl":{"start":{"line":26,"column":15},"end":{"line":26,"column":16}},"loc":{"start":{"line":26,"column":22},"end":{"line":28,"column":7}},"line":26},"6":{"name":"(anonymous_6)","decl":{"start":{"line":30,"column":26},"end":{"line":30,"column":27}},"loc":{"start":{"line":30,"column":40},"end":{"line":39,"column":3}},"line":30},"7":{"name":"(anonymous_7)","decl":{"start":{"line":32,"column":16},"end":{"line":32,"column":17}},"loc":{"start":{"line":32,"column":31},"end":{"line":35,"column":11}},"line":32},"8":{"name":"(anonymous_8)","decl":{"start":{"line":36,"column":17},"end":{"line":36,"column":18}},"loc":{"start":{"line":36,"column":24},"end":{"line":38,"column":11}},"line":36},"9":{"name":"(anonymous_9)","decl":{"start":{"line":40,"column":29},"end":{"line":40,"column":30}},"loc":{"start":{"line":40,"column":42},"end":{"line":49,"column":3}},"line":40},"10":{"name":"(anonymous_10)","decl":{"start":{"line":42,"column":10},"end":{"line":42,"column":11}},"loc":{"start":{"line":42,"column":26},"end":{"line":45,"column":5}},"line":42},"11":{"name":"(anonymous_11)","decl":{"start":{"line":46,"column":11},"end":{"line":46,"column":12}},"loc":{"start":{"line":46,"column":17},"end":{"line":48,"column":5}},"line":46},"12":{"name":"(anonymous_12)","decl":{"start":{"line":50,"column":2},"end":{"line":50,"column":3}},"loc":{"start":{"line":50,"column":47},"end":{"line":58,"column":1}},"line":50},"13":{"name":"(anonymous_13)","decl":{"start":{"line":60,"column":2},"end":{"line":60,"column":3}},"loc":{"start":{"line":60,"column":45},"end":{"line":69,"column":1}},"line":60},"14":{"name":"(anonymous_14)","decl":{"start":{"line":70,"column":4},"end":{"line":70,"column":5}},"loc":{"start":{"line":70,"column":41},"end":{"line":79,"column":3}},"line":70},"15":{"name":"(anonymous_15)","decl":{"start":{"line":80,"column":41},"end":{"line":80,"column":42}},"loc":{"start":{"line":80,"column":55},"end":{"line":91,"column":3}},"line":80},"16":{"name":"(anonymous_16)","decl":{"start":{"line":84,"column":14},"end":{"line":84,"column":15}},"loc":{"start":{"line":84,"column":36},"end":{"line":87,"column":9}},"line":84},"17":{"name":"(anonymous_17)","decl":{"start":{"line":88,"column":15},"end":{"line":88,"column":16}},"loc":{"start":{"line":88,"column":22},"end":{"line":90,"column":9}},"line":88},"18":{"name":"(anonymous_18)","decl":{"start":{"line":92,"column":2},"end":{"line":92,"column":3}},"loc":{"start":{"line":92,"column":36},"end":{"line":105,"column":3}},"line":92},"19":{"name":"(anonymous_19)","decl":{"start":{"line":106,"column":2},"end":{"line":106,"column":3}},"loc":{"start":{"line":106,"column":43},"end":{"line":126,"column":3}},"line":106},"20":{"name":"(anonymous_20)","decl":{"start":{"line":114,"column":61},"end":{"line":114,"column":62}},"loc":{"start":{"line":114,"column":76},"end":{"line":114,"column":101}},"line":114}},"branchMap":{"0":{"loc":{"start":{"line":15,"column":8},"end":{"line":15,"column":73}},"type":"if","locations":[{"start":{"line":15,"column":8},"end":{"line":15,"column":73}},{"start":{"line":15,"column":8},"end":{"line":15,"column":73}}],"line":15},"1":{"loc":{"start":{"line":24,"column":8},"end":{"line":24,"column":73}},"type":"if","locations":[{"start":{"line":24,"column":8},"end":{"line":24,"column":73}},{"start":{"line":24,"column":8},"end":{"line":24,"column":73}}],"line":24},"2":{"loc":{"start":{"line":33,"column":14},"end":{"line":33,"column":83}},"type":"if","locations":[{"start":{"line":33,"column":14},"end":{"line":33,"column":83}},{"start":{"line":33,"column":14},"end":{"line":33,"column":83}}],"line":33},"3":{"loc":{"start":{"line":43,"column":6},"end":{"line":43,"column":80}},"type":"if","locations":[{"start":{"line":43,"column":6},"end":{"line":43,"column":80}},{"start":{"line":43,"column":6},"end":{"line":43,"column":80}}],"line":43},"4":{"loc":{"start":{"line":53,"column":8},"end":{"line":53,"column":81}},"type":"if","locations":[{"start":{"line":53,"column":8},"end":{"line":53,"column":81}},{"start":{"line":53,"column":8},"end":{"line":53,"column":81}}],"line":53},"5":{"loc":{"start":{"line":63,"column":6},"end":{"line":63,"column":80}},"type":"if","locations":[{"start":{"line":63,"column":6},"end":{"line":63,"column":80}},{"start":{"line":63,"column":6},"end":{"line":63,"column":80}}],"line":63},"6":{"loc":{"start":{"line":74,"column":6},"end":{"line":74,"column":71}},"type":"if","locations":[{"start":{"line":74,"column":6},"end":{"line":74,"column":71}},{"start":{"line":74,"column":6},"end":{"line":74,"column":71}}],"line":74},"7":{"loc":{"start":{"line":85,"column":12},"end":{"line":85,"column":103}},"type":"if","locations":[{"start":{"line":85,"column":12},"end":{"line":85,"column":103}},{"start":{"line":85,"column":12},"end":{"line":85,"column":103}}],"line":85},"8":{"loc":{"start":{"line":99,"column":6},"end":{"line":99,"column":68}},"type":"if","locations":[{"start":{"line":99,"column":6},"end":{"line":99,"column":68}},{"start":{"line":99,"column":6},"end":{"line":99,"column":68}}],"line":99},"9":{"loc":{"start":{"line":121,"column":6},"end":{"line":121,"column":82}},"type":"if","locations":[{"start":{"line":121,"column":6},"end":{"line":121,"column":82}},{"start":{"line":121,"column":6},"end":{"line":121,"column":82}}],"line":121}},"s":{"0":1,"1":1,"2":1,"3":1,"4":1,"5":1,"6":1,"7":1,"8":1,"9":1,"10":1,"11":0,"12":0,"13":0,"14":1,"15":0,"16":0,"17":0,"18":0,"19":0,"20":0,"21":0,"22":0,"23":0,"24":0,"25":0,"26":0,"27":0,"28":0,"29":0,"30":0,"31":0,"32":0,"33":0,"34":0,"35":0,"36":0,"37":0,"38":0,"39":0,"40":0,"41":0,"42":0,"43":0,"44":0,"45":0,"46":0,"47":0,"48":0,"49":0,"50":0,"51":0,"52":0,"53":0,"54":0,"55":0,"56":0,"57":0,"58":0,"59":0,"60":0,"61":0,"62":0,"63":0,"64":0,"65":0,"66":0,"67":0,"68":0,"69":0,"70":0,"71":0,"72":0,"73":0,"74":0,"75":0,"76":0,"77":0,"78":0,"79":0,"80":0,"81":0,"82":0,"83":0,"84":0,"85":0,"86":0},"f":{"0":1,"1":0,"2":1,"3":0,"4":0,"5":0,"6":0,"7":0,"8":0,"9":0,"10":0,"11":0,"12":0,"13":0,"14":0,"15":0,"16":0,"17":0,"18":0,"19":0,"20":0},"b":{"0":[0,0],"1":[0,0],"2":[0,0],"3":[0,0],"4":[0,0],"5":[0,0],"6":[0,0],"7":[0,0],"8":[0,0],"9":[0,0]},"_coverageSchema":"1a1c01bbd47fc00a2c39e90264f33305004495a9","hash":"cd578403da5d32ac0a789b3d0bba827b3153e910","contentHash":"3901792a79c1ccef2eb64574603f2688b9bfc0413cdb80ca10ae6e753df50d4e"},"C:\\Studies\\systenD\\EZWait\\models\\appointment.model.js":{"path":"C:\\Studies\\systenD\\EZWait\\models\\appointment.model.js","statementMap":{"0":{"start":{"line":1,"column":21},"end":{"line":1,"column":39}},"1":{"start":{"line":2,"column":24},"end":{"line":2,"column":43}},"2":{"start":{"line":4,"column":26},"end":{"line":20,"column":1}},"3":{"start":{"line":21,"column":25},"end":{"line":21,"column":64}},"4":{"start":{"line":22,"column":0},"end":{"line":22,"column":34}}},"fnMap":{},"branchMap":{},"s":{"0":1,"1":1,"2":1,"3":1,"4":1},"f":{},"b":{},"_coverageSchema":"1a1c01bbd47fc00a2c39e90264f33305004495a9","hash":"e69e2d92403a51ecd46067adb45f60fa7b4498ec","contentHash":"c7a5b5a187ff33d7af83b4418f3f25a118b3a39aefbd40eeaae2b5ca320849e4"},"C:\\Studies\\systenD\\EZWait\\models\\schedule.model.js":{"path":"C:\\Studies\\systenD\\EZWait\\models\\schedule.model.js","statementMap":{"0":{"start":{"line":1,"column":21},"end":{"line":1,"column":39}},"1":{"start":{"line":2,"column":24},"end":{"line":2,"column":43}},"2":{"start":{"line":3,"column":28},"end":{"line":3,"column":66}},"3":{"start":{"line":5,"column":23},"end":{"line":36,"column":1}},"4":{"start":{"line":38,"column":22},"end":{"line":38,"column":55}},"5":{"start":{"line":39,"column":0},"end":{"line":39,"column":31}}},"fnMap":{},"branchMap":{},"s":{"0":1,"1":1,"2":1,"3":1,"4":1,"5":1},"f":{},"b":{},"_coverageSchema":"1a1c01bbd47fc00a2c39e90264f33305004495a9","hash":"8af524097d4e6825a9469aadc19861a0e1f579fa","contentHash":"68038d9a75ac9a83e4b513ec680fd29847068c2e506b7cda7850ad1a0b8b213c"},"C:\\Studies\\systenD\\EZWait\\repository\\schedule.repository.js":{"path":"C:\\Studies\\systenD\\EZWait\\repository\\schedule.repository.js","statementMap":{"0":{"start":{"line":1,"column":21},"end":{"line":1,"column":51}},"1":{"start":{"line":5,"column":8},"end":{"line":5,"column":19}},"2":{"start":{"line":6,"column":8},"end":{"line":6,"column":25}},"3":{"start":{"line":7,"column":8},"end":{"line":7,"column":71}},"4":{"start":{"line":8,"column":8},"end":{"line":8,"column":61}},"5":{"start":{"line":9,"column":8},"end":{"line":9,"column":47}},"6":{"start":{"line":10,"column":8},"end":{"line":10,"column":69}},"7":{"start":{"line":11,"column":8},"end":{"line":11,"column":85}},"8":{"start":{"line":12,"column":8},"end":{"line":12,"column":86}},"9":{"start":{"line":13,"column":8},"end":{"line":13,"column":139}},"10":{"start":{"line":17,"column":8},"end":{"line":27,"column":9}},"11":{"start":{"line":18,"column":27},"end":{"line":18,"column":64}},"12":{"start":{"line":19,"column":12},"end":{"line":21,"column":13}},"13":{"start":{"line":20,"column":16},"end":{"line":20,"column":54}},"14":{"start":{"line":22,"column":12},"end":{"line":22,"column":40}},"15":{"start":{"line":23,"column":36},"end":{"line":23,"column":57}},"16":{"start":{"line":24,"column":12},"end":{"line":24,"column":35}},"17":{"start":{"line":26,"column":12},"end":{"line":26,"column":79}},"18":{"start":{"line":31,"column":8},"end":{"line":41,"column":9}},"19":{"start":{"line":32,"column":29},"end":{"line":32,"column":66}},"20":{"start":{"line":33,"column":12},"end":{"line":35,"column":13}},"21":{"start":{"line":34,"column":16},"end":{"line":34,"column":54}},"22":{"start":{"line":36,"column":12},"end":{"line":36,"column":34}},"23":{"start":{"line":37,"column":36},"end":{"line":37,"column":57}},"24":{"start":{"line":38,"column":12},"end":{"line":38,"column":35}},"25":{"start":{"line":40,"column":12},"end":{"line":40,"column":79}},"26":{"start":{"line":45,"column":8},"end":{"line":50,"column":9}},"27":{"start":{"line":46,"column":29},"end":{"line":46,"column":77}},"28":{"start":{"line":47,"column":12},"end":{"line":47,"column":28}},"29":{"start":{"line":49,"column":12},"end":{"line":49,"column":86}},"30":{"start":{"line":54,"column":8},"end":{"line":59,"column":9}},"31":{"start":{"line":55,"column":30},"end":{"line":55,"column":47}},"32":{"start":{"line":56,"column":12},"end":{"line":56,"column":29}},"33":{"start":{"line":58,"column":12},"end":{"line":58,"column":74}},"34":{"start":{"line":62,"column":8},"end":{"line":67,"column":9}},"35":{"start":{"line":63,"column":29},"end":{"line":63,"column":75}},"36":{"start":{"line":64,"column":12},"end":{"line":64,"column":28}},"37":{"start":{"line":66,"column":12},"end":{"line":66,"column":100}},"38":{"start":{"line":70,"column":8},"end":{"line":84,"column":9}},"39":{"start":{"line":71,"column":29},"end":{"line":71,"column":113}},"40":{"start":{"line":72,"column":12},"end":{"line":74,"column":13}},"41":{"start":{"line":73,"column":16},"end":{"line":73,"column":54}},"42":{"start":{"line":75,"column":16},"end":{"line":77,"column":15}},"43":{"start":{"line":76,"column":16},"end":{"line":76,"column":78}},"44":{"start":{"line":78,"column":12},"end":{"line":78,"column":34}},"45":{"start":{"line":79,"column":12},"end":{"line":79,"column":81}},"46":{"start":{"line":80,"column":12},"end":{"line":80,"column":24}},"47":{"start":{"line":82,"column":12},"end":{"line":82,"column":86}},"48":{"start":{"line":83,"column":12},"end":{"line":83,"column":25}},"49":{"start":{"line":87,"column":8},"end":{"line":107,"column":9}},"50":{"start":{"line":88,"column":24},"end":{"line":88,"column":38}},"51":{"start":{"line":89,"column":26},"end":{"line":89,"column":45}},"52":{"start":{"line":90,"column":25},"end":{"line":90,"column":43}},"53":{"start":{"line":91,"column":37},"end":{"line":91,"column":61}},"54":{"start":{"line":92,"column":29},"end":{"line":92,"column":75}},"55":{"start":{"line":93,"column":12},"end":{"line":97,"column":13}},"56":{"start":{"line":94,"column":16},"end":{"line":94,"column":71}},"57":{"start":{"line":95,"column":16},"end":{"line":95,"column":62}},"58":{"start":{"line":96,"column":16},"end":{"line":96,"column":54}},"59":{"start":{"line":98,"column":12},"end":{"line":100,"column":15}},"60":{"start":{"line":99,"column":16},"end":{"line":99,"column":81}},"61":{"start":{"line":101,"column":12},"end":{"line":101,"column":83}},"62":{"start":{"line":102,"column":12},"end":{"line":102,"column":34}},"63":{"start":{"line":103,"column":12},"end":{"line":103,"column":24}},"64":{"start":{"line":105,"column":12},"end":{"line":105,"column":78}},"65":{"start":{"line":106,"column":12},"end":{"line":106,"column":25}},"66":{"start":{"line":113,"column":0},"end":{"line":113,"column":36}}},"fnMap":{"0":{"name":"(anonymous_0)","decl":{"start":{"line":4,"column":4},"end":{"line":4,"column":5}},"loc":{"start":{"line":4,"column":21},"end":{"line":14,"column":5}},"line":4},"1":{"name":"(anonymous_1)","decl":{"start":{"line":16,"column":4},"end":{"line":16,"column":5}},"loc":{"start":{"line":16,"column":67},"end":{"line":28,"column":5}},"line":16},"2":{"name":"(anonymous_2)","decl":{"start":{"line":30,"column":4},"end":{"line":30,"column":5}},"loc":{"start":{"line":30,"column":54},"end":{"line":42,"column":5}},"line":30},"3":{"name":"(anonymous_3)","decl":{"start":{"line":44,"column":4},"end":{"line":44,"column":5}},"loc":{"start":{"line":44,"column":35},"end":{"line":51,"column":5}},"line":44},"4":{"name":"(anonymous_4)","decl":{"start":{"line":53,"column":4},"end":{"line":53,"column":5}},"loc":{"start":{"line":53,"column":20},"end":{"line":60,"column":5}},"line":53},"5":{"name":"(anonymous_5)","decl":{"start":{"line":61,"column":4},"end":{"line":61,"column":5}},"loc":{"start":{"line":61,"column":47},"end":{"line":68,"column":5}},"line":61},"6":{"name":"(anonymous_6)","decl":{"start":{"line":69,"column":4},"end":{"line":69,"column":5}},"loc":{"start":{"line":69,"column":52},"end":{"line":85,"column":5}},"line":69},"7":{"name":"(anonymous_7)","decl":{"start":{"line":75,"column":91},"end":{"line":75,"column":92}},"loc":{"start":{"line":75,"column":106},"end":{"line":77,"column":13}},"line":75},"8":{"name":"(anonymous_8)","decl":{"start":{"line":86,"column":4},"end":{"line":86,"column":5}},"loc":{"start":{"line":86,"column":85},"end":{"line":108,"column":5}},"line":86},"9":{"name":"(anonymous_9)","decl":{"start":{"line":98,"column":87},"end":{"line":98,"column":88}},"loc":{"start":{"line":98,"column":102},"end":{"line":100,"column":13}},"line":98}},"branchMap":{"0":{"loc":{"start":{"line":19,"column":12},"end":{"line":21,"column":13}},"type":"if","locations":[{"start":{"line":19,"column":12},"end":{"line":21,"column":13}},{"start":{"line":19,"column":12},"end":{"line":21,"column":13}}],"line":19},"1":{"loc":{"start":{"line":33,"column":12},"end":{"line":35,"column":13}},"type":"if","locations":[{"start":{"line":33,"column":12},"end":{"line":35,"column":13}},{"start":{"line":33,"column":12},"end":{"line":35,"column":13}}],"line":33},"2":{"loc":{"start":{"line":72,"column":12},"end":{"line":74,"column":13}},"type":"if","locations":[{"start":{"line":72,"column":12},"end":{"line":74,"column":13}},{"start":{"line":72,"column":12},"end":{"line":74,"column":13}}],"line":72},"3":{"loc":{"start":{"line":93,"column":12},"end":{"line":97,"column":13}},"type":"if","locations":[{"start":{"line":93,"column":12},"end":{"line":97,"column":13}},{"start":{"line":93,"column":12},"end":{"line":97,"column":13}}],"line":93}},"s":{"0":1,"1":7,"2":7,"3":7,"4":7,"5":7,"6":7,"7":7,"8":7,"9":7,"10":0,"11":0,"12":0,"13":0,"14":0,"15":0,"16":0,"17":0,"18":0,"19":0,"20":0,"21":0,"22":0,"23":0,"24":0,"25":0,"26":1,"27":1,"28":1,"29":0,"30":2,"31":2,"32":1,"33":1,"34":1,"35":1,"36":0,"37":1,"38":0,"39":0,"40":0,"41":0,"42":0,"43":0,"44":0,"45":0,"46":0,"47":0,"48":0,"49":0,"50":0,"51":0,"52":0,"53":0,"54":0,"55":0,"56":0,"57":0,"58":0,"59":0,"60":0,"61":0,"62":0,"63":0,"64":0,"65":0,"66":1},"f":{"0":7,"1":0,"2":0,"3":1,"4":2,"5":1,"6":0,"7":0,"8":0,"9":0},"b":{"0":[0,0],"1":[0,0],"2":[0,0],"3":[0,0]},"_coverageSchema":"1a1c01bbd47fc00a2c39e90264f33305004495a9","hash":"32fdd0e338c1ee9e14911ed14a5a5f901f876178","contentHash":"d8bbb2d4b8cc1f6c2630d97cfa91251df0325a6cb50ca73668ea6e701a253b1d"},"C:\\Studies\\systenD\\EZWait\\db\\mongo.storage.js":{"path":"C:\\Studies\\systenD\\EZWait\\db\\mongo.storage.js","statementMap":{"0":{"start":{"line":1,"column":17},"end":{"line":1,"column":36}},"1":{"start":{"line":2,"column":0},"end":{"line":2,"column":35}},"2":{"start":{"line":3,"column":13},"end":{"line":3,"column":28}},"3":{"start":{"line":4,"column":0},"end":{"line":71,"column":2}},"4":{"start":{"line":6,"column":8},"end":{"line":6,"column":27}},"5":{"start":{"line":9,"column":30},"end":{"line":9,"column":192}},"6":{"start":{"line":10,"column":8},"end":{"line":19,"column":11}},"7":{"start":{"line":11,"column":12},"end":{"line":18,"column":19}},"8":{"start":{"line":13,"column":20},"end":{"line":13,"column":45}},"9":{"start":{"line":14,"column":20},"end":{"line":14,"column":30}},"10":{"start":{"line":17,"column":20},"end":{"line":17,"column":32}},"11":{"start":{"line":23,"column":8},"end":{"line":23,"column":35}},"12":{"start":{"line":27,"column":20},"end":{"line":27,"column":22}},"13":{"start":{"line":28,"column":8},"end":{"line":28,"column":25}},"14":{"start":{"line":29,"column":8},"end":{"line":31,"column":9}},"15":{"start":{"line":30,"column":12},"end":{"line":30,"column":31}},"16":{"start":{"line":32,"column":8},"end":{"line":32,"column":36}},"17":{"start":{"line":36,"column":8},"end":{"line":43,"column":9}},"18":{"start":{"line":37,"column":26},"end":{"line":37,"column":28}},"19":{"start":{"line":38,"column":12},"end":{"line":38,"column":31}},"20":{"start":{"line":39,"column":33},"end":{"line":39,"column":61}},"21":{"start":{"line":40,"column":12},"end":{"line":40,"column":32}},"22":{"start":{"line":42,"column":12},"end":{"line":42,"column":89}},"23":{"start":{"line":46,"column":8},"end":{"line":46,"column":39}},"24":{"start":{"line":50,"column":12},"end":{"line":50,"column":31}},"25":{"start":{"line":54,"column":8},"end":{"line":54,"column":38}},"26":{"start":{"line":58,"column":8},"end":{"line":58,"column":48}},"27":{"start":{"line":62,"column":8},"end":{"line":65,"column":11}},"28":{"start":{"line":69,"column":8},"end":{"line":69,"column":61}}},"fnMap":{"0":{"name":"(anonymous_0)","decl":{"start":{"line":5,"column":4},"end":{"line":5,"column":5}},"loc":{"start":{"line":5,"column":23},"end":{"line":7,"column":5}},"line":5},"1":{"name":"(anonymous_1)","decl":{"start":{"line":8,"column":4},"end":{"line":8,"column":5}},"loc":{"start":{"line":8,"column":14},"end":{"line":20,"column":5}},"line":8},"2":{"name":"(anonymous_2)","decl":{"start":{"line":10,"column":27},"end":{"line":10,"column":28}},"loc":{"start":{"line":10,"column":48},"end":{"line":19,"column":9}},"line":10},"3":{"name":"(anonymous_3)","decl":{"start":{"line":12,"column":22},"end":{"line":12,"column":23}},"loc":{"start":{"line":12,"column":28},"end":{"line":15,"column":17}},"line":12},"4":{"name":"(anonymous_4)","decl":{"start":{"line":16,"column":23},"end":{"line":16,"column":24}},"loc":{"start":{"line":16,"column":32},"end":{"line":18,"column":17}},"line":16},"5":{"name":"(anonymous_5)","decl":{"start":{"line":22,"column":4},"end":{"line":22,"column":5}},"loc":{"start":{"line":22,"column":11},"end":{"line":24,"column":5}},"line":22},"6":{"name":"(anonymous_6)","decl":{"start":{"line":26,"column":4},"end":{"line":26,"column":5}},"loc":{"start":{"line":26,"column":50},"end":{"line":33,"column":5}},"line":26},"7":{"name":"(anonymous_7)","decl":{"start":{"line":35,"column":4},"end":{"line":35,"column":5}},"loc":{"start":{"line":35,"column":38},"end":{"line":44,"column":5}},"line":35},"8":{"name":"(anonymous_8)","decl":{"start":{"line":45,"column":4},"end":{"line":45,"column":5}},"loc":{"start":{"line":45,"column":17},"end":{"line":47,"column":5}},"line":45},"9":{"name":"(anonymous_9)","decl":{"start":{"line":49,"column":4},"end":{"line":49,"column":5}},"loc":{"start":{"line":49,"column":17},"end":{"line":51,"column":5}},"line":49},"10":{"name":"(anonymous_10)","decl":{"start":{"line":53,"column":4},"end":{"line":53,"column":5}},"loc":{"start":{"line":53,"column":21},"end":{"line":55,"column":5}},"line":53},"11":{"name":"(anonymous_11)","decl":{"start":{"line":57,"column":4},"end":{"line":57,"column":5}},"loc":{"start":{"line":57,"column":15},"end":{"line":59,"column":5}},"line":57},"12":{"name":"(anonymous_12)","decl":{"start":{"line":61,"column":4},"end":{"line":61,"column":5}},"loc":{"start":{"line":61,"column":21},"end":{"line":66,"column":5}},"line":61},"13":{"name":"(anonymous_13)","decl":{"start":{"line":68,"column":4},"end":{"line":68,"column":5}},"loc":{"start":{"line":68,"column":38},"end":{"line":70,"column":5}},"line":68}},"branchMap":{"0":{"loc":{"start":{"line":29,"column":8},"end":{"line":31,"column":9}},"type":"if","locations":[{"start":{"line":29,"column":8},"end":{"line":31,"column":9}},{"start":{"line":29,"column":8},"end":{"line":31,"column":9}}],"line":29},"1":{"loc":{"start":{"line":29,"column":12},"end":{"line":29,"column":26}},"type":"binary-expr","locations":[{"start":{"line":29,"column":12},"end":{"line":29,"column":16}},{"start":{"line":29,"column":20},"end":{"line":29,"column":26}}],"line":29}},"s":{"0":1,"1":1,"2":1,"3":1,"4":25,"5":0,"6":0,"7":0,"8":0,"9":0,"10":0,"11":3,"12":0,"13":0,"14":0,"15":0,"16":0,"17":0,"18":0,"19":0,"20":0,"21":0,"22":0,"23":0,"24":0,"25":0,"26":0,"27":0,"28":0},"f":{"0":25,"1":0,"2":0,"3":0,"4":0,"5":3,"6":0,"7":0,"8":0,"9":0,"10":0,"11":0,"12":0,"13":0},"b":{"0":[0,0],"1":[0,0]},"_coverageSchema":"1a1c01bbd47fc00a2c39e90264f33305004495a9","hash":"1ca5fe2ce8e60634c390874bc6743e588d8412e5","contentHash":"8c6c7f9028e86621a5585a37fd752c00f459bda6ef07bf3e6deb3a11625b96e5"},"C:\\Studies\\systenD\\EZWait\\repository\\appointment.repository.js":{"path":"C:\\Studies\\systenD\\EZWait\\repository\\appointment.repository.js","statementMap":{"0":{"start":{"line":1,"column":21},"end":{"line":1,"column":39}},"1":{"start":{"line":2,"column":21},"end":{"line":2,"column":51}},"2":{"start":{"line":5,"column":8},"end":{"line":5,"column":19}},"3":{"start":{"line":6,"column":8},"end":{"line":6,"column":25}},"4":{"start":{"line":7,"column":8},"end":{"line":7,"column":77}},"5":{"start":{"line":8,"column":8},"end":{"line":8,"column":61}},"6":{"start":{"line":9,"column":8},"end":{"line":9,"column":47}},"7":{"start":{"line":10,"column":8},"end":{"line":10,"column":77}},"8":{"start":{"line":11,"column":8},"end":{"line":11,"column":57}},"9":{"start":{"line":12,"column":8},"end":{"line":12,"column":63}},"10":{"start":{"line":13,"column":8},"end":{"line":13,"column":67}},"11":{"start":{"line":14,"column":8},"end":{"line":14,"column":73}},"12":{"start":{"line":15,"column":8},"end":{"line":15,"column":76}},"13":{"start":{"line":16,"column":8},"end":{"line":16,"column":113}},"14":{"start":{"line":17,"column":8},"end":{"line":17,"column":95}},"15":{"start":{"line":20,"column":8},"end":{"line":37,"column":9}},"16":{"start":{"line":21,"column":30},"end":{"line":21,"column":88}},"17":{"start":{"line":23,"column":12},"end":{"line":25,"column":13}},"18":{"start":{"line":24,"column":16},"end":{"line":24,"column":83}},"19":{"start":{"line":27,"column":12},"end":{"line":29,"column":13}},"20":{"start":{"line":28,"column":16},"end":{"line":28,"column":48}},"21":{"start":{"line":31,"column":12},"end":{"line":31,"column":37}},"22":{"start":{"line":33,"column":12},"end":{"line":33,"column":61}},"23":{"start":{"line":34,"column":12},"end":{"line":34,"column":31}},"24":{"start":{"line":36,"column":12},"end":{"line":36,"column":76}},"25":{"start":{"line":40,"column":8},"end":{"line":50,"column":9}},"26":{"start":{"line":41,"column":32},"end":{"line":41,"column":75}},"27":{"start":{"line":42,"column":12},"end":{"line":44,"column":13}},"28":{"start":{"line":43,"column":16},"end":{"line":43,"column":57}},"29":{"start":{"line":45,"column":12},"end":{"line":45,"column":37}},"30":{"start":{"line":46,"column":39},"end":{"line":46,"column":63}},"31":{"start":{"line":47,"column":12},"end":{"line":47,"column":38}},"32":{"start":{"line":49,"column":12},"end":{"line":49,"column":82}},"33":{"start":{"line":53,"column":8},"end":{"line":58,"column":9}},"34":{"start":{"line":54,"column":33},"end":{"line":54,"column":81}},"35":{"start":{"line":55,"column":12},"end":{"line":55,"column":32}},"36":{"start":{"line":57,"column":12},"end":{"line":57,"column":89}},"37":{"start":{"line":62,"column":8},"end":{"line":67,"column":9}},"38":{"start":{"line":63,"column":33},"end":{"line":63,"column":50}},"39":{"start":{"line":64,"column":12},"end":{"line":64,"column":32}},"40":{"start":{"line":66,"column":12},"end":{"line":66,"column":79}},"41":{"start":{"line":70,"column":8},"end":{"line":75,"column":9}},"42":{"start":{"line":71,"column":32},"end":{"line":71,"column":66}},"43":{"start":{"line":72,"column":12},"end":{"line":72,"column":31}},"44":{"start":{"line":74,"column":12},"end":{"line":74,"column":79}},"45":{"start":{"line":78,"column":8},"end":{"line":83,"column":9}},"46":{"start":{"line":79,"column":32},"end":{"line":79,"column":92}},"47":{"start":{"line":80,"column":12},"end":{"line":80,"column":31}},"48":{"start":{"line":82,"column":12},"end":{"line":82,"column":106}},"49":{"start":{"line":87,"column":8},"end":{"line":92,"column":9}},"50":{"start":{"line":88,"column":33},"end":{"line":88,"column":77}},"51":{"start":{"line":89,"column":12},"end":{"line":89,"column":32}},"52":{"start":{"line":91,"column":12},"end":{"line":91,"column":89}},"53":{"start":{"line":95,"column":8},"end":{"line":100,"column":9}},"54":{"start":{"line":96,"column":33},"end":{"line":96,"column":83}},"55":{"start":{"line":97,"column":12},"end":{"line":97,"column":32}},"56":{"start":{"line":99,"column":12},"end":{"line":99,"column":92}},"57":{"start":{"line":103,"column":8},"end":{"line":108,"column":9}},"58":{"start":{"line":104,"column":39},"end":{"line":104,"column":88}},"59":{"start":{"line":105,"column":12},"end":{"line":105,"column":38}},"60":{"start":{"line":107,"column":12},"end":{"line":107,"column":76}},"61":{"start":{"line":111,"column":8},"end":{"line":116,"column":9}},"62":{"start":{"line":112,"column":35},"end":{"line":112,"column":75}},"63":{"start":{"line":113,"column":12},"end":{"line":113,"column":34}},"64":{"start":{"line":115,"column":12},"end":{"line":115,"column":76}},"65":{"start":{"line":120,"column":8},"end":{"line":132,"column":9}},"66":{"start":{"line":121,"column":32},"end":{"line":121,"column":92}},"67":{"start":{"line":122,"column":12},"end":{"line":124,"column":13}},"68":{"start":{"line":123,"column":16},"end":{"line":123,"column":57}},"69":{"start":{"line":125,"column":12},"end":{"line":125,"column":40}},"70":{"start":{"line":127,"column":39},"end":{"line":127,"column":63}},"71":{"start":{"line":129,"column":12},"end":{"line":129,"column":38}},"72":{"start":{"line":131,"column":12},"end":{"line":131,"column":83}},"73":{"start":{"line":135,"column":8},"end":{"line":143,"column":9}},"74":{"start":{"line":136,"column":39},"end":{"line":136,"column":106}},"75":{"start":{"line":137,"column":12},"end":{"line":139,"column":13}},"76":{"start":{"line":138,"column":16},"end":{"line":138,"column":83}},"77":{"start":{"line":140,"column":12},"end":{"line":140,"column":33}},"78":{"start":{"line":142,"column":12},"end":{"line":142,"column":76}},"79":{"start":{"line":146,"column":8},"end":{"line":153,"column":9}},"80":{"start":{"line":148,"column":33},"end":{"line":148,"column":76}},"81":{"start":{"line":149,"column":12},"end":{"line":149,"column":53}},"82":{"start":{"line":150,"column":12},"end":{"line":150,"column":32}},"83":{"start":{"line":152,"column":12},"end":{"line":152,"column":87}},"84":{"start":{"line":157,"column":0},"end":{"line":157,"column":39}}},"fnMap":{"0":{"name":"(anonymous_0)","decl":{"start":{"line":4,"column":4},"end":{"line":4,"column":5}},"loc":{"start":{"line":4,"column":21},"end":{"line":18,"column":5}},"line":4},"1":{"name":"(anonymous_1)","decl":{"start":{"line":19,"column":4},"end":{"line":19,"column":5}},"loc":{"start":{"line":19,"column":52},"end":{"line":38,"column":5}},"line":19},"2":{"name":"(anonymous_2)","decl":{"start":{"line":39,"column":4},"end":{"line":39,"column":5}},"loc":{"start":{"line":39,"column":63},"end":{"line":51,"column":5}},"line":39},"3":{"name":"(anonymous_3)","decl":{"start":{"line":52,"column":4},"end":{"line":52,"column":5}},"loc":{"start":{"line":52,"column":35},"end":{"line":59,"column":5}},"line":52},"4":{"name":"(anonymous_4)","decl":{"start":{"line":60,"column":4},"end":{"line":60,"column":5}},"loc":{"start":{"line":61,"column":4},"end":{"line":68,"column":5}},"line":61},"5":{"name":"(anonymous_5)","decl":{"start":{"line":69,"column":4},"end":{"line":69,"column":5}},"loc":{"start":{"line":69,"column":48},"end":{"line":76,"column":5}},"line":69},"6":{"name":"(anonymous_6)","decl":{"start":{"line":77,"column":4},"end":{"line":77,"column":5}},"loc":{"start":{"line":77,"column":57},"end":{"line":85,"column":5}},"line":77},"7":{"name":"(anonymous_7)","decl":{"start":{"line":86,"column":4},"end":{"line":86,"column":5}},"loc":{"start":{"line":86,"column":31},"end":{"line":93,"column":5}},"line":86},"8":{"name":"(anonymous_8)","decl":{"start":{"line":94,"column":4},"end":{"line":94,"column":5}},"loc":{"start":{"line":94,"column":37},"end":{"line":101,"column":5}},"line":94},"9":{"name":"(anonymous_9)","decl":{"start":{"line":102,"column":4},"end":{"line":102,"column":5}},"loc":{"start":{"line":102,"column":43},"end":{"line":109,"column":5}},"line":102},"10":{"name":"(anonymous_10)","decl":{"start":{"line":110,"column":4},"end":{"line":110,"column":5}},"loc":{"start":{"line":110,"column":48},"end":{"line":117,"column":5}},"line":110},"11":{"name":"(anonymous_11)","decl":{"start":{"line":119,"column":4},"end":{"line":119,"column":5}},"loc":{"start":{"line":119,"column":57},"end":{"line":133,"column":5}},"line":119},"12":{"name":"(anonymous_12)","decl":{"start":{"line":134,"column":4},"end":{"line":134,"column":5}},"loc":{"start":{"line":134,"column":74},"end":{"line":144,"column":5}},"line":134},"13":{"name":"(anonymous_13)","decl":{"start":{"line":145,"column":4},"end":{"line":145,"column":5}},"loc":{"start":{"line":145,"column":41},"end":{"line":154,"column":5}},"line":145}},"branchMap":{"0":{"loc":{"start":{"line":23,"column":12},"end":{"line":25,"column":13}},"type":"if","locations":[{"start":{"line":23,"column":12},"end":{"line":25,"column":13}},{"start":{"line":23,"column":12},"end":{"line":25,"column":13}}],"line":23},"1":{"loc":{"start":{"line":42,"column":12},"end":{"line":44,"column":13}},"type":"if","locations":[{"start":{"line":42,"column":12},"end":{"line":44,"column":13}},{"start":{"line":42,"column":12},"end":{"line":44,"column":13}}],"line":42},"2":{"loc":{"start":{"line":122,"column":12},"end":{"line":124,"column":13}},"type":"if","locations":[{"start":{"line":122,"column":12},"end":{"line":124,"column":13}},{"start":{"line":122,"column":12},"end":{"line":124,"column":13}}],"line":122},"3":{"loc":{"start":{"line":137,"column":12},"end":{"line":139,"column":13}},"type":"if","locations":[{"start":{"line":137,"column":12},"end":{"line":139,"column":13}},{"start":{"line":137,"column":12},"end":{"line":139,"column":13}}],"line":137}},"s":{"0":1,"1":1,"2":3,"3":3,"4":3,"5":3,"6":3,"7":3,"8":3,"9":3,"10":3,"11":3,"12":3,"13":3,"14":3,"15":0,"16":0,"17":0,"18":0,"19":0,"20":0,"21":0,"22":0,"23":0,"24":0,"25":0,"26":0,"27":0,"28":0,"29":0,"30":0,"31":0,"32":0,"33":0,"34":0,"35":0,"36":0,"37":0,"38":0,"39":0,"40":0,"41":0,"42":0,"43":0,"44":0,"45":0,"46":0,"47":0,"48":0,"49":0,"50":0,"51":0,"52":0,"53":0,"54":0,"55":0,"56":0,"57":0,"58":0,"59":0,"60":0,"61":0,"62":0,"63":0,"64":0,"65":0,"66":0,"67":0,"68":0,"69":0,"70":0,"71":0,"72":0,"73":0,"74":0,"75":0,"76":0,"77":0,"78":0,"79":0,"80":0,"81":0,"82":0,"83":0,"84":1},"f":{"0":3,"1":0,"2":0,"3":0,"4":0,"5":0,"6":0,"7":0,"8":0,"9":0,"10":0,"11":0,"12":0,"13":0},"b":{"0":[0,0],"1":[0,0],"2":[0,0],"3":[0,0]},"_coverageSchema":"1a1c01bbd47fc00a2c39e90264f33305004495a9","hash":"cc8da8ba06082f739e4d9ed1e08c83397d86b178","contentHash":"1dddd2d30a730423cb6bc66fb91d182ba2f82354d2e804be996b59347b89060c"},"C:\\Studies\\systenD\\EZWait\\service\\appoinmentService.js":{"path":"C:\\Studies\\systenD\\EZWait\\service\\appoinmentService.js","statementMap":{"0":{"start":{"line":1,"column":25},"end":{"line":1,"column":63}},"1":{"start":{"line":3,"column":19},"end":{"line":7,"column":1}},"2":{"start":{"line":10,"column":4},"end":{"line":20,"column":5}},"3":{"start":{"line":12,"column":12},"end":{"line":12,"column":59}},"4":{"start":{"line":13,"column":12},"end":{"line":13,"column":18}},"5":{"start":{"line":15,"column":12},"end":{"line":15,"column":59}},"6":{"start":{"line":16,"column":12},"end":{"line":16,"column":18}},"7":{"start":{"line":18,"column":12},"end":{"line":18,"column":59}},"8":{"start":{"line":19,"column":12},"end":{"line":19,"column":18}},"9":{"start":{"line":21,"column":18},"end":{"line":21,"column":122}},"10":{"start":{"line":22,"column":27},"end":{"line":33,"column":6}},"11":{"start":{"line":34,"column":4},"end":{"line":34,"column":32}},"12":{"start":{"line":35,"column":4},"end":{"line":35,"column":26}},"13":{"start":{"line":38,"column":4},"end":{"line":48,"column":5}},"14":{"start":{"line":40,"column":12},"end":{"line":40,"column":59}},"15":{"start":{"line":41,"column":12},"end":{"line":41,"column":18}},"16":{"start":{"line":43,"column":12},"end":{"line":43,"column":59}},"17":{"start":{"line":44,"column":12},"end":{"line":44,"column":18}},"18":{"start":{"line":46,"column":12},"end":{"line":46,"column":59}},"19":{"start":{"line":47,"column":12},"end":{"line":47,"column":18}},"20":{"start":{"line":49,"column":18},"end":{"line":49,"column":122}},"21":{"start":{"line":50,"column":4},"end":{"line":50,"column":57}},"22":{"start":{"line":51,"column":27},"end":{"line":62,"column":6}},"23":{"start":{"line":63,"column":4},"end":{"line":63,"column":26}},"24":{"start":{"line":65,"column":0},"end":{"line":68,"column":2}},"25":{"start":{"line":71,"column":17},"end":{"line":71,"column":32}},"26":{"start":{"line":72,"column":4},"end":{"line":72,"column":29}},"27":{"start":{"line":73,"column":37},"end":{"line":73,"column":64}},"28":{"start":{"line":74,"column":4},"end":{"line":74,"column":32}},"29":{"start":{"line":75,"column":4},"end":{"line":75,"column":36}},"30":{"start":{"line":76,"column":20},"end":{"line":76,"column":34}},"31":{"start":{"line":77,"column":4},"end":{"line":77,"column":19}}},"fnMap":{"0":{"name":"createNewAppointment","decl":{"start":{"line":9,"column":15},"end":{"line":9,"column":35}},"loc":{"start":{"line":9,"column":56},"end":{"line":36,"column":1}},"line":9},"1":{"name":"updateNewAppointment","decl":{"start":{"line":37,"column":16},"end":{"line":37,"column":36}},"loc":{"start":{"line":37,"column":57},"end":{"line":64,"column":1}},"line":37},"2":{"name":"combainDateAndHoursToDate","decl":{"start":{"line":69,"column":9},"end":{"line":69,"column":34}},"loc":{"start":{"line":70,"column":0},"end":{"line":78,"column":1}},"line":70}},"branchMap":{"0":{"loc":{"start":{"line":10,"column":4},"end":{"line":20,"column":5}},"type":"switch","locations":[{"start":{"line":11,"column":8},"end":{"line":13,"column":18}},{"start":{"line":14,"column":8},"end":{"line":16,"column":18}},{"start":{"line":17,"column":8},"end":{"line":19,"column":18}}],"line":10},"1":{"loc":{"start":{"line":38,"column":4},"end":{"line":48,"column":5}},"type":"switch","locations":[{"start":{"line":39,"column":8},"end":{"line":41,"column":18}},{"start":{"line":42,"column":8},"end":{"line":44,"column":18}},{"start":{"line":45,"column":8},"end":{"line":47,"column":18}}],"line":38}},"s":{"0":1,"1":1,"2":1,"3":0,"4":0,"5":0,"6":0,"7":0,"8":0,"9":1,"10":0,"11":0,"12":0,"13":1,"14":1,"15":1,"16":0,"17":0,"18":0,"19":0,"20":1,"21":1,"22":1,"23":1,"24":1,"25":2,"26":2,"27":2,"28":1,"29":1,"30":1,"31":1},"f":{"0":1,"1":1,"2":2},"b":{"0":[0,0,0],"1":[1,0,0]},"_coverageSchema":"1a1c01bbd47fc00a2c39e90264f33305004495a9","hash":"c173f53615a9f3c7d2056fc2206cb6467e7990ed","contentHash":"50de4b6f8e7601608f3ff4b481f9360d669390052e0ce2a821e1cb20816b4aba"},"C:\\Studies\\systenD\\EZWait\\errors\\NotFound.errors.js":{"path":"C:\\Studies\\systenD\\EZWait\\errors\\NotFound.errors.js","statementMap":{"0":{"start":{"line":3,"column":6},"end":{"line":3,"column":21}},"1":{"start":{"line":4,"column":6},"end":{"line":4,"column":40}},"2":{"start":{"line":5,"column":6},"end":{"line":5,"column":24}},"3":{"start":{"line":11,"column":6},"end":{"line":11,"column":38}},"4":{"start":{"line":12,"column":6},"end":{"line":12,"column":40}},"5":{"start":{"line":13,"column":6},"end":{"line":13,"column":27}},"6":{"start":{"line":19,"column":6},"end":{"line":19,"column":50}},"7":{"start":{"line":20,"column":6},"end":{"line":20,"column":40}},"8":{"start":{"line":21,"column":6},"end":{"line":21,"column":31}},"9":{"start":{"line":25,"column":2},"end":{"line":25,"column":56}}},"fnMap":{"0":{"name":"(anonymous_0)","decl":{"start":{"line":2,"column":4},"end":{"line":2,"column":5}},"loc":{"start":{"line":2,"column":25},"end":{"line":6,"column":5}},"line":2},"1":{"name":"(anonymous_1)","decl":{"start":{"line":10,"column":4},"end":{"line":10,"column":5}},"loc":{"start":{"line":10,"column":24},"end":{"line":14,"column":5}},"line":10},"2":{"name":"(anonymous_2)","decl":{"start":{"line":18,"column":4},"end":{"line":18,"column":5}},"loc":{"start":{"line":18,"column":26},"end":{"line":22,"column":5}},"line":18}},"branchMap":{},"s":{"0":1,"1":1,"2":1,"3":0,"4":0,"5":0,"6":1,"7":1,"8":1,"9":1},"f":{"0":1,"1":0,"2":1},"b":{},"_coverageSchema":"1a1c01bbd47fc00a2c39e90264f33305004495a9","hash":"321b46dbeba05cf17d0c1c98ac57f5882f92f779","contentHash":"0d9a9355d2ec0cc172230201ec281052adda5e7f9fd874eb15a0d2c71b6fd870"},"C:\\Studies\\systenD\\EZWait\\errors\\internal.errors.js":{"path":"C:\\Studies\\systenD\\EZWait\\errors\\internal.errors.js","statementMap":{"0":{"start":{"line":3,"column":6},"end":{"line":3,"column":21}},"1":{"start":{"line":4,"column":6},"end":{"line":4,"column":40}},"2":{"start":{"line":5,"column":6},"end":{"line":5,"column":24}},"3":{"start":{"line":11,"column":6},"end":{"line":11,"column":67}},"4":{"start":{"line":12,"column":6},"end":{"line":12,"column":40}},"5":{"start":{"line":13,"column":6},"end":{"line":13,"column":27}},"6":{"start":{"line":17,"column":2},"end":{"line":17,"column":41}}},"fnMap":{"0":{"name":"(anonymous_0)","decl":{"start":{"line":2,"column":4},"end":{"line":2,"column":5}},"loc":{"start":{"line":2,"column":25},"end":{"line":6,"column":5}},"line":2},"1":{"name":"(anonymous_1)","decl":{"start":{"line":10,"column":4},"end":{"line":10,"column":5}},"loc":{"start":{"line":10,"column":24},"end":{"line":14,"column":5}},"line":10}},"branchMap":{},"s":{"0":0,"1":0,"2":0,"3":0,"4":0,"5":0,"6":1},"f":{"0":0,"1":0},"b":{},"_coverageSchema":"1a1c01bbd47fc00a2c39e90264f33305004495a9","hash":"30086ca303075b85f3a66381c53521aa658c40f1","contentHash":"ac2593da6b9e562fad8b47ae14a2e346371d30b8d054782b473fe9466212d55c"},"C:\\Studies\\systenD\\EZWait\\controllers\\clientController.js":{"path":"C:\\Studies\\systenD\\EZWait\\controllers\\clientController.js","statementMap":{"0":{"start":{"line":1,"column":15},"end":{"line":1,"column":48}},"1":{"start":{"line":2,"column":25},"end":{"line":2,"column":67}},"2":{"start":{"line":3,"column":22},"end":{"line":3,"column":57}},"3":{"start":{"line":4,"column":16},"end":{"line":4,"column":44}},"4":{"start":{"line":5,"column":19},"end":{"line":5,"column":56}},"5":{"start":{"line":6,"column":27},"end":{"line":6,"column":63}},"6":{"start":{"line":7,"column":28},"end":{"line":7,"column":64}},"7":{"start":{"line":9,"column":0},"end":{"line":102,"column":2}},"8":{"start":{"line":11,"column":6},"end":{"line":17,"column":8}},"9":{"start":{"line":13,"column":8},"end":{"line":13,"column":64}},"10":{"start":{"line":13,"column":21},"end":{"line":13,"column":64}},"11":{"start":{"line":14,"column":8},"end":{"line":14,"column":38}},"12":{"start":{"line":16,"column":8},"end":{"line":16,"column":42}},"13":{"start":{"line":20,"column":25},"end":{"line":20,"column":43}},"14":{"start":{"line":21,"column":6},"end":{"line":27,"column":8}},"15":{"start":{"line":23,"column":8},"end":{"line":23,"column":69}},"16":{"start":{"line":23,"column":21},"end":{"line":23,"column":69}},"17":{"start":{"line":24,"column":8},"end":{"line":24,"column":38}},"18":{"start":{"line":26,"column":8},"end":{"line":26,"column":42}},"19":{"start":{"line":30,"column":6},"end":{"line":38,"column":13}},"20":{"start":{"line":32,"column":14},"end":{"line":32,"column":74}},"21":{"start":{"line":32,"column":26},"end":{"line":32,"column":74}},"22":{"start":{"line":33,"column":14},"end":{"line":33,"column":38}},"23":{"start":{"line":36,"column":14},"end":{"line":36,"column":61}},"24":{"start":{"line":37,"column":14},"end":{"line":37,"column":60}},"25":{"start":{"line":41,"column":4},"end":{"line":47,"column":5}},"26":{"start":{"line":42,"column":25},"end":{"line":42,"column":71}},"27":{"start":{"line":43,"column":8},"end":{"line":43,"column":77}},"28":{"start":{"line":43,"column":22},"end":{"line":43,"column":77}},"29":{"start":{"line":44,"column":8},"end":{"line":44,"column":39}},"30":{"start":{"line":46,"column":8},"end":{"line":46,"column":44}},"31":{"start":{"line":50,"column":4},"end":{"line":56,"column":5}},"32":{"start":{"line":51,"column":24},"end":{"line":51,"column":68}},"33":{"start":{"line":52,"column":8},"end":{"line":52,"column":73}},"34":{"start":{"line":52,"column":21},"end":{"line":52,"column":73}},"35":{"start":{"line":53,"column":8},"end":{"line":53,"column":38}},"36":{"start":{"line":55,"column":8},"end":{"line":55,"column":44}},"37":{"start":{"line":59,"column":4},"end":{"line":66,"column":5}},"38":{"start":{"line":60,"column":21},"end":{"line":60,"column":66}},"39":{"start":{"line":61,"column":23},"end":{"line":61,"column":45}},"40":{"start":{"line":62,"column":6},"end":{"line":62,"column":67}},"41":{"start":{"line":62,"column":20},"end":{"line":62,"column":67}},"42":{"start":{"line":63,"column":6},"end":{"line":63,"column":37}},"43":{"start":{"line":65,"column":6},"end":{"line":65,"column":42}},"44":{"start":{"line":69,"column":21},"end":{"line":69,"column":33}},"45":{"start":{"line":70,"column":22},"end":{"line":70,"column":29}},"46":{"start":{"line":71,"column":4},"end":{"line":78,"column":11}},"47":{"start":{"line":73,"column":12},"end":{"line":73,"column":94}},"48":{"start":{"line":73,"column":31},"end":{"line":73,"column":94}},"49":{"start":{"line":74,"column":12},"end":{"line":74,"column":48}},"50":{"start":{"line":77,"column":12},"end":{"line":77,"column":46}},"51":{"start":{"line":80,"column":4},"end":{"line":90,"column":5}},"52":{"start":{"line":81,"column":21},"end":{"line":81,"column":49}},"53":{"start":{"line":82,"column":23},"end":{"line":82,"column":68}},"54":{"start":{"line":83,"column":28},"end":{"line":83,"column":46}},"55":{"start":{"line":84,"column":6},"end":{"line":84,"column":46}},"56":{"start":{"line":85,"column":23},"end":{"line":85,"column":38}},"57":{"start":{"line":86,"column":6},"end":{"line":86,"column":70}},"58":{"start":{"line":86,"column":20},"end":{"line":86,"column":70}},"59":{"start":{"line":87,"column":6},"end":{"line":87,"column":37}},"60":{"start":{"line":89,"column":6},"end":{"line":89,"column":42}},"61":{"start":{"line":92,"column":4},"end":{"line":100,"column":5}},"62":{"start":{"line":93,"column":23},"end":{"line":93,"column":38}},"63":{"start":{"line":94,"column":27},"end":{"line":94,"column":79}},"64":{"start":{"line":95,"column":23},"end":{"line":95,"column":67}},"65":{"start":{"line":96,"column":6},"end":{"line":96,"column":68}},"66":{"start":{"line":96,"column":20},"end":{"line":96,"column":68}},"67":{"start":{"line":97,"column":6},"end":{"line":97,"column":37}},"68":{"start":{"line":99,"column":6},"end":{"line":99,"column":42}}},"fnMap":{"0":{"name":"(anonymous_0)","decl":{"start":{"line":10,"column":18},"end":{"line":10,"column":19}},"loc":{"start":{"line":10,"column":32},"end":{"line":18,"column":5}},"line":10},"1":{"name":"(anonymous_1)","decl":{"start":{"line":12,"column":13},"end":{"line":12,"column":14}},"loc":{"start":{"line":12,"column":24},"end":{"line":15,"column":7}},"line":12},"2":{"name":"(anonymous_2)","decl":{"start":{"line":15,"column":15},"end":{"line":15,"column":16}},"loc":{"start":{"line":15,"column":22},"end":{"line":17,"column":7}},"line":15},"3":{"name":"(anonymous_3)","decl":{"start":{"line":19,"column":23},"end":{"line":19,"column":24}},"loc":{"start":{"line":19,"column":37},"end":{"line":28,"column":5}},"line":19},"4":{"name":"(anonymous_4)","decl":{"start":{"line":22,"column":12},"end":{"line":22,"column":13}},"loc":{"start":{"line":22,"column":24},"end":{"line":25,"column":7}},"line":22},"5":{"name":"(anonymous_5)","decl":{"start":{"line":25,"column":15},"end":{"line":25,"column":16}},"loc":{"start":{"line":25,"column":22},"end":{"line":27,"column":7}},"line":25},"6":{"name":"(anonymous_6)","decl":{"start":{"line":29,"column":21},"end":{"line":29,"column":22}},"loc":{"start":{"line":29,"column":35},"end":{"line":39,"column":3}},"line":29},"7":{"name":"(anonymous_7)","decl":{"start":{"line":31,"column":16},"end":{"line":31,"column":17}},"loc":{"start":{"line":31,"column":26},"end":{"line":34,"column":11}},"line":31},"8":{"name":"(anonymous_8)","decl":{"start":{"line":35,"column":17},"end":{"line":35,"column":18}},"loc":{"start":{"line":35,"column":24},"end":{"line":38,"column":11}},"line":35},"9":{"name":"(anonymous_9)","decl":{"start":{"line":40,"column":2},"end":{"line":40,"column":3}},"loc":{"start":{"line":40,"column":42},"end":{"line":48,"column":1}},"line":40},"10":{"name":"(anonymous_10)","decl":{"start":{"line":49,"column":2},"end":{"line":49,"column":3}},"loc":{"start":{"line":49,"column":40},"end":{"line":57,"column":1}},"line":49},"11":{"name":"(anonymous_11)","decl":{"start":{"line":58,"column":0},"end":{"line":58,"column":1}},"loc":{"start":{"line":58,"column":32},"end":{"line":67,"column":3}},"line":58},"12":{"name":"(anonymous_12)","decl":{"start":{"line":68,"column":36},"end":{"line":68,"column":37}},"loc":{"start":{"line":68,"column":50},"end":{"line":79,"column":3}},"line":68},"13":{"name":"(anonymous_13)","decl":{"start":{"line":72,"column":14},"end":{"line":72,"column":15}},"loc":{"start":{"line":72,"column":31},"end":{"line":75,"column":9}},"line":72},"14":{"name":"(anonymous_14)","decl":{"start":{"line":76,"column":15},"end":{"line":76,"column":16}},"loc":{"start":{"line":76,"column":22},"end":{"line":78,"column":9}},"line":76},"15":{"name":"(anonymous_15)","decl":{"start":{"line":79,"column":4},"end":{"line":79,"column":5}},"loc":{"start":{"line":79,"column":39},"end":{"line":91,"column":3}},"line":79},"16":{"name":"(anonymous_16)","decl":{"start":{"line":91,"column":4},"end":{"line":91,"column":5}},"loc":{"start":{"line":91,"column":37},"end":{"line":101,"column":3}},"line":91}},"branchMap":{"0":{"loc":{"start":{"line":13,"column":8},"end":{"line":13,"column":64}},"type":"if","locations":[{"start":{"line":13,"column":8},"end":{"line":13,"column":64}},{"start":{"line":13,"column":8},"end":{"line":13,"column":64}}],"line":13},"1":{"loc":{"start":{"line":23,"column":8},"end":{"line":23,"column":69}},"type":"if","locations":[{"start":{"line":23,"column":8},"end":{"line":23,"column":69}},{"start":{"line":23,"column":8},"end":{"line":23,"column":69}}],"line":23},"2":{"loc":{"start":{"line":32,"column":14},"end":{"line":32,"column":74}},"type":"if","locations":[{"start":{"line":32,"column":14},"end":{"line":32,"column":74}},{"start":{"line":32,"column":14},"end":{"line":32,"column":74}}],"line":32},"3":{"loc":{"start":{"line":43,"column":8},"end":{"line":43,"column":77}},"type":"if","locations":[{"start":{"line":43,"column":8},"end":{"line":43,"column":77}},{"start":{"line":43,"column":8},"end":{"line":43,"column":77}}],"line":43},"4":{"loc":{"start":{"line":52,"column":8},"end":{"line":52,"column":73}},"type":"if","locations":[{"start":{"line":52,"column":8},"end":{"line":52,"column":73}},{"start":{"line":52,"column":8},"end":{"line":52,"column":73}}],"line":52},"5":{"loc":{"start":{"line":62,"column":6},"end":{"line":62,"column":67}},"type":"if","locations":[{"start":{"line":62,"column":6},"end":{"line":62,"column":67}},{"start":{"line":62,"column":6},"end":{"line":62,"column":67}}],"line":62},"6":{"loc":{"start":{"line":73,"column":12},"end":{"line":73,"column":94}},"type":"if","locations":[{"start":{"line":73,"column":12},"end":{"line":73,"column":94}},{"start":{"line":73,"column":12},"end":{"line":73,"column":94}}],"line":73},"7":{"loc":{"start":{"line":86,"column":6},"end":{"line":86,"column":70}},"type":"if","locations":[{"start":{"line":86,"column":6},"end":{"line":86,"column":70}},{"start":{"line":86,"column":6},"end":{"line":86,"column":70}}],"line":86},"8":{"loc":{"start":{"line":96,"column":6},"end":{"line":96,"column":68}},"type":"if","locations":[{"start":{"line":96,"column":6},"end":{"line":96,"column":68}},{"start":{"line":96,"column":6},"end":{"line":96,"column":68}}],"line":96}},"s":{"0":1,"1":1,"2":1,"3":1,"4":1,"5":1,"6":1,"7":1,"8":0,"9":0,"10":0,"11":0,"12":0,"13":0,"14":0,"15":0,"16":0,"17":0,"18":0,"19":0,"20":0,"21":0,"22":0,"23":0,"24":0,"25":0,"26":0,"27":0,"28":0,"29":0,"30":0,"31":0,"32":0,"33":0,"34":0,"35":0,"36":0,"37":0,"38":0,"39":0,"40":0,"41":0,"42":0,"43":0,"44":0,"45":0,"46":0,"47":0,"48":0,"49":0,"50":0,"51":0,"52":0,"53":0,"54":0,"55":0,"56":0,"57":0,"58":0,"59":0,"60":0,"61":0,"62":0,"63":0,"64":0,"65":0,"66":0,"67":0,"68":0},"f":{"0":0,"1":0,"2":0,"3":0,"4":0,"5":0,"6":0,"7":0,"8":0,"9":0,"10":0,"11":0,"12":0,"13":0,"14":0,"15":0,"16":0},"b":{"0":[0,0],"1":[0,0],"2":[0,0],"3":[0,0],"4":[0,0],"5":[0,0],"6":[0,0],"7":[0,0],"8":[0,0]},"_coverageSchema":"1a1c01bbd47fc00a2c39e90264f33305004495a9","hash":"b4de31eab32769c8590b822b885ce9897a5cc824","contentHash":"359c79693027daf3e6bcab5d399d7634e10d84e4d7fad17b3b21332f7f6dcbd4"},"C:\\Studies\\systenD\\EZWait\\models\\client.model.js":{"path":"C:\\Studies\\systenD\\EZWait\\models\\client.model.js","statementMap":{"0":{"start":{"line":1,"column":26},"end":{"line":1,"column":45}},"1":{"start":{"line":4,"column":21},"end":{"line":21,"column":1}},"2":{"start":{"line":23,"column":20},"end":{"line":23,"column":49}},"3":{"start":{"line":24,"column":0},"end":{"line":24,"column":29}}},"fnMap":{},"branchMap":{},"s":{"0":1,"1":1,"2":1,"3":1},"f":{},"b":{},"_coverageSchema":"1a1c01bbd47fc00a2c39e90264f33305004495a9","hash":"ca6f08fca877930b4988a3fe581d869e2d300437","contentHash":"102b2523bfbf2b38ae6e326f751ba54f98b250b72c39b01c94d23e906a20b52f"},"C:\\Studies\\systenD\\EZWait\\repository\\client.repository.js":{"path":"C:\\Studies\\systenD\\EZWait\\repository\\client.repository.js","statementMap":{"0":{"start":{"line":1,"column":21},"end":{"line":1,"column":51}},"1":{"start":{"line":4,"column":8},"end":{"line":4,"column":19}},"2":{"start":{"line":5,"column":8},"end":{"line":5,"column":25}},"3":{"start":{"line":6,"column":8},"end":{"line":6,"column":67}},"4":{"start":{"line":7,"column":8},"end":{"line":7,"column":61}},"5":{"start":{"line":8,"column":8},"end":{"line":8,"column":47}},"6":{"start":{"line":9,"column":8},"end":{"line":9,"column":47}},"7":{"start":{"line":10,"column":8},"end":{"line":10,"column":63}},"8":{"start":{"line":11,"column":8},"end":{"line":11,"column":65}},"9":{"start":{"line":14,"column":8},"end":{"line":24,"column":9}},"10":{"start":{"line":15,"column":27},"end":{"line":15,"column":62}},"11":{"start":{"line":16,"column":12},"end":{"line":18,"column":13}},"12":{"start":{"line":17,"column":16},"end":{"line":17,"column":52}},"13":{"start":{"line":19,"column":12},"end":{"line":19,"column":32}},"14":{"start":{"line":20,"column":34},"end":{"line":20,"column":53}},"15":{"start":{"line":21,"column":12},"end":{"line":21,"column":33}},"16":{"start":{"line":23,"column":12},"end":{"line":23,"column":77}},"17":{"start":{"line":28,"column":8},"end":{"line":33,"column":9}},"18":{"start":{"line":29,"column":27},"end":{"line":29,"column":75}},"19":{"start":{"line":30,"column":12},"end":{"line":30,"column":29}},"20":{"start":{"line":32,"column":12},"end":{"line":32,"column":84}},"21":{"start":{"line":37,"column":8},"end":{"line":42,"column":9}},"22":{"start":{"line":38,"column":28},"end":{"line":38,"column":45}},"23":{"start":{"line":39,"column":12},"end":{"line":39,"column":27}},"24":{"start":{"line":41,"column":12},"end":{"line":41,"column":74}},"25":{"start":{"line":45,"column":8},"end":{"line":50,"column":9}},"26":{"start":{"line":46,"column":27},"end":{"line":46,"column":58}},"27":{"start":{"line":47,"column":12},"end":{"line":47,"column":26}},"28":{"start":{"line":49,"column":12},"end":{"line":49,"column":73}},"29":{"start":{"line":54,"column":8},"end":{"line":59,"column":9}},"30":{"start":{"line":55,"column":30},"end":{"line":55,"column":65}},"31":{"start":{"line":56,"column":12},"end":{"line":56,"column":29}},"32":{"start":{"line":58,"column":12},"end":{"line":58,"column":76}},"33":{"start":{"line":62,"column":8},"end":{"line":78,"column":9}},"34":{"start":{"line":63,"column":29},"end":{"line":63,"column":46}},"35":{"start":{"line":64,"column":27},"end":{"line":64,"column":75}},"36":{"start":{"line":65,"column":12},"end":{"line":67,"column":13}},"37":{"start":{"line":66,"column":16},"end":{"line":66,"column":52}},"38":{"start":{"line":70,"column":12},"end":{"line":70,"column":44}},"39":{"start":{"line":71,"column":12},"end":{"line":71,"column":42}},"40":{"start":{"line":72,"column":12},"end":{"line":72,"column":46}},"41":{"start":{"line":73,"column":12},"end":{"line":73,"column":54}},"42":{"start":{"line":74,"column":12},"end":{"line":74,"column":32}},"43":{"start":{"line":76,"column":12},"end":{"line":76,"column":64}},"44":{"start":{"line":77,"column":12},"end":{"line":77,"column":24}},"45":{"start":{"line":81,"column":0},"end":{"line":81,"column":34}}},"fnMap":{"0":{"name":"(anonymous_0)","decl":{"start":{"line":3,"column":4},"end":{"line":3,"column":5}},"loc":{"start":{"line":3,"column":21},"end":{"line":12,"column":5}},"line":3},"1":{"name":"(anonymous_1)","decl":{"start":{"line":13,"column":4},"end":{"line":13,"column":5}},"loc":{"start":{"line":13,"column":50},"end":{"line":25,"column":5}},"line":13},"2":{"name":"(anonymous_2)","decl":{"start":{"line":27,"column":4},"end":{"line":27,"column":5}},"loc":{"start":{"line":27,"column":35},"end":{"line":34,"column":5}},"line":27},"3":{"name":"(anonymous_3)","decl":{"start":{"line":36,"column":4},"end":{"line":36,"column":5}},"loc":{"start":{"line":36,"column":20},"end":{"line":43,"column":5}},"line":36},"4":{"name":"(anonymous_4)","decl":{"start":{"line":44,"column":4},"end":{"line":44,"column":5}},"loc":{"start":{"line":44,"column":25},"end":{"line":51,"column":5}},"line":44},"5":{"name":"(anonymous_5)","decl":{"start":{"line":53,"column":4},"end":{"line":53,"column":5}},"loc":{"start":{"line":53,"column":38},"end":{"line":60,"column":5}},"line":53},"6":{"name":"(anonymous_6)","decl":{"start":{"line":61,"column":4},"end":{"line":61,"column":5}},"loc":{"start":{"line":61,"column":37},"end":{"line":79,"column":5}},"line":61}},"branchMap":{"0":{"loc":{"start":{"line":16,"column":12},"end":{"line":18,"column":13}},"type":"if","locations":[{"start":{"line":16,"column":12},"end":{"line":18,"column":13}},{"start":{"line":16,"column":12},"end":{"line":18,"column":13}}],"line":16},"1":{"loc":{"start":{"line":65,"column":12},"end":{"line":67,"column":13}},"type":"if","locations":[{"start":{"line":65,"column":12},"end":{"line":67,"column":13}},{"start":{"line":65,"column":12},"end":{"line":67,"column":13}}],"line":65}},"s":{"0":1,"1":6,"2":6,"3":6,"4":6,"5":6,"6":6,"7":6,"8":6,"9":0,"10":0,"11":0,"12":0,"13":0,"14":0,"15":0,"16":0,"17":1,"18":1,"19":1,"20":0,"21":1,"22":1,"23":1,"24":0,"25":0,"26":0,"27":0,"28":0,"29":0,"30":0,"31":0,"32":0,"33":0,"34":0,"35":0,"36":0,"37":0,"38":0,"39":0,"40":0,"41":0,"42":0,"43":0,"44":0,"45":1},"f":{"0":6,"1":0,"2":1,"3":1,"4":0,"5":0,"6":0},"b":{"0":[0,0],"1":[0,0]},"_coverageSchema":"1a1c01bbd47fc00a2c39e90264f33305004495a9","hash":"6453ccfa3406c6fc44a255021ec67d82216a10bb","contentHash":"f8ba446bf4b4cb605b127de56d4c7d67da328528a4e4bba16f44ef49335a4c20"},"C:\\Studies\\systenD\\EZWait\\service\\clientService.js":{"path":"C:\\Studies\\systenD\\EZWait\\service\\clientService.js","statementMap":{"0":{"start":{"line":1,"column":17},"end":{"line":1,"column":36}},"1":{"start":{"line":2,"column":20},"end":{"line":2,"column":53}},"2":{"start":{"line":3,"column":23},"end":{"line":3,"column":59}},"3":{"start":{"line":4,"column":16},"end":{"line":4,"column":58}},"4":{"start":{"line":5,"column":19},"end":{"line":8,"column":1}},"5":{"start":{"line":11,"column":21},"end":{"line":11,"column":50}},"6":{"start":{"line":12,"column":22},"end":{"line":28,"column":6}},"7":{"start":{"line":29,"column":4},"end":{"line":29,"column":21}},"8":{"start":{"line":32,"column":21},"end":{"line":32,"column":50}},"9":{"start":{"line":33,"column":22},"end":{"line":41,"column":6}},"10":{"start":{"line":42,"column":4},"end":{"line":42,"column":21}},"11":{"start":{"line":45,"column":22},"end":{"line":50,"column":6}},"12":{"start":{"line":51,"column":4},"end":{"line":51,"column":27}},"13":{"start":{"line":52,"column":4},"end":{"line":52,"column":21}},"14":{"start":{"line":56,"column":36},"end":{"line":56,"column":60}},"15":{"start":{"line":57,"column":26},"end":{"line":66,"column":6}},"16":{"start":{"line":67,"column":4},"end":{"line":67,"column":21}},"17":{"start":{"line":69,"column":0},"end":{"line":74,"column":2}}},"fnMap":{"0":{"name":"createNewClient","decl":{"start":{"line":10,"column":15},"end":{"line":10,"column":30}},"loc":{"start":{"line":10,"column":46},"end":{"line":30,"column":1}},"line":10},"1":{"name":"SignUpcreateNewClient","decl":{"start":{"line":31,"column":15},"end":{"line":31,"column":36}},"loc":{"start":{"line":31,"column":52},"end":{"line":43,"column":1}},"line":31},"2":{"name":"createNewSubClient","decl":{"start":{"line":44,"column":15},"end":{"line":44,"column":33}},"loc":{"start":{"line":44,"column":49},"end":{"line":53,"column":1}},"line":44},"3":{"name":"createUpdateClientData","decl":{"start":{"line":54,"column":16},"end":{"line":54,"column":38}},"loc":{"start":{"line":55,"column":0},"end":{"line":68,"column":1}},"line":55}},"branchMap":{},"s":{"0":1,"1":1,"2":1,"3":1,"4":1,"5":2,"6":2,"7":1,"8":0,"9":0,"10":0,"11":0,"12":0,"13":0,"14":0,"15":0,"16":0,"17":1},"f":{"0":2,"1":0,"2":0,"3":0},"b":{},"_coverageSchema":"1a1c01bbd47fc00a2c39e90264f33305004495a9","hash":"c07c933a2a3f795f149ac661a0a15c3e4fdc4128","contentHash":"04b5ccaddc3bce9c52a41135ee10995d757c924e7c6e9b60d08419495e1c36e2"},"C:\\Studies\\systenD\\EZWait\\models\\subClient.model.js":{"path":"C:\\Studies\\systenD\\EZWait\\models\\subClient.model.js","statementMap":{"0":{"start":{"line":1,"column":26},"end":{"line":1,"column":45}},"1":{"start":{"line":4,"column":24},"end":{"line":9,"column":2}},"2":{"start":{"line":12,"column":23},"end":{"line":12,"column":58}},"3":{"start":{"line":14,"column":0},"end":{"line":14,"column":32}}},"fnMap":{},"branchMap":{},"s":{"0":1,"1":1,"2":1,"3":1},"f":{},"b":{},"_coverageSchema":"1a1c01bbd47fc00a2c39e90264f33305004495a9","hash":"3c6da88b5828ca230ff26500412e239b4ff89272","contentHash":"08f5059d377fbd44630ecce84e48fdf46959965d7aae79538c5373bde0b93a57"},"C:\\Studies\\systenD\\EZWait\\models\\myUser.singleton.js":{"path":"C:\\Studies\\systenD\\EZWait\\models\\myUser.singleton.js","statementMap":{"0":{"start":{"line":3,"column":8},"end":{"line":6,"column":9}},"1":{"start":{"line":4,"column":12},"end":{"line":4,"column":27}},"2":{"start":{"line":5,"column":12},"end":{"line":5,"column":39}},"3":{"start":{"line":7,"column":8},"end":{"line":7,"column":35}},"4":{"start":{"line":11,"column":8},"end":{"line":11,"column":31}},"5":{"start":{"line":15,"column":8},"end":{"line":15,"column":30}},"6":{"start":{"line":19,"column":17},"end":{"line":19,"column":33}},"7":{"start":{"line":20,"column":0},"end":{"line":20,"column":24}},"8":{"start":{"line":21,"column":0},"end":{"line":21,"column":26}}},"fnMap":{"0":{"name":"(anonymous_0)","decl":{"start":{"line":2,"column":4},"end":{"line":2,"column":5}},"loc":{"start":{"line":2,"column":18},"end":{"line":8,"column":5}},"line":2},"1":{"name":"(anonymous_1)","decl":{"start":{"line":10,"column":4},"end":{"line":10,"column":5}},"loc":{"start":{"line":10,"column":24},"end":{"line":12,"column":5}},"line":10},"2":{"name":"(anonymous_2)","decl":{"start":{"line":14,"column":4},"end":{"line":14,"column":5}},"loc":{"start":{"line":14,"column":17},"end":{"line":16,"column":5}},"line":14}},"branchMap":{"0":{"loc":{"start":{"line":3,"column":8},"end":{"line":6,"column":9}},"type":"if","locations":[{"start":{"line":3,"column":8},"end":{"line":6,"column":9}},{"start":{"line":3,"column":8},"end":{"line":6,"column":9}}],"line":3}},"s":{"0":1,"1":1,"2":1,"3":1,"4":0,"5":1,"6":1,"7":1,"8":1},"f":{"0":1,"1":0,"2":1},"b":{"0":[1,0]},"_coverageSchema":"1a1c01bbd47fc00a2c39e90264f33305004495a9","hash":"2145b0e7b4ab461bb599f11540dac81cf24b0cd2","contentHash":"4f951ea9d16d60eaadb7a252518d7e5e983cde6912d726d693c88b2272e957bd"},"C:\\Studies\\systenD\\EZWait\\controllers\\fileLoaderController.js":{"path":"C:\\Studies\\systenD\\EZWait\\controllers\\fileLoaderController.js","statementMap":{"0":{"start":{"line":1,"column":13},"end":{"line":1,"column":28}},"1":{"start":{"line":3,"column":0},"end":{"line":10,"column":1}},"2":{"start":{"line":5,"column":8},"end":{"line":5,"column":82}},"3":{"start":{"line":8,"column":8},"end":{"line":8,"column":87}}},"fnMap":{"0":{"name":"(anonymous_0)","decl":{"start":{"line":4,"column":16},"end":{"line":4,"column":17}},"loc":{"start":{"line":4,"column":30},"end":{"line":6,"column":5}},"line":4},"1":{"name":"(anonymous_1)","decl":{"start":{"line":7,"column":22},"end":{"line":7,"column":23}},"loc":{"start":{"line":7,"column":36},"end":{"line":9,"column":5}},"line":7}},"branchMap":{},"s":{"0":1,"1":1,"2":2,"3":2},"f":{"0":2,"1":2},"b":{},"_coverageSchema":"1a1c01bbd47fc00a2c39e90264f33305004495a9","hash":"7071e8414fbc8715f804cc3d6e43a58db973a7f2","contentHash":"653fc973724390fba5eb723487276f7f1913f05bcdeab92c81d1fc6bd994cd0e"},"C:\\Studies\\systenD\\EZWait\\controllers\\logInControler.js":{"path":"C:\\Studies\\systenD\\EZWait\\controllers\\logInControler.js","statementMap":{"0":{"start":{"line":1,"column":26},"end":{"line":1,"column":69}},"1":{"start":{"line":2,"column":13},"end":{"line":2,"column":47}},"2":{"start":{"line":3,"column":19},"end":{"line":3,"column":56}},"3":{"start":{"line":4,"column":27},"end":{"line":4,"column":63}},"4":{"start":{"line":5,"column":0},"end":{"line":24,"column":2}},"5":{"start":{"line":7,"column":8},"end":{"line":7,"column":46}},"6":{"start":{"line":8,"column":22},"end":{"line":8,"column":36}},"7":{"start":{"line":9,"column":8},"end":{"line":22,"column":11}},"8":{"start":{"line":11,"column":12},"end":{"line":18,"column":13}},"9":{"start":{"line":12,"column":16},"end":{"line":12,"column":55}},"10":{"start":{"line":13,"column":16},"end":{"line":13,"column":51}},"11":{"start":{"line":14,"column":16},"end":{"line":14,"column":75}},"12":{"start":{"line":14,"column":30},"end":{"line":14,"column":75}},"13":{"start":{"line":15,"column":16},"end":{"line":15,"column":47}},"14":{"start":{"line":17,"column":16},"end":{"line":17,"column":55}},"15":{"start":{"line":21,"column":12},"end":{"line":21,"column":48}}},"fnMap":{"0":{"name":"(anonymous_0)","decl":{"start":{"line":6,"column":20},"end":{"line":6,"column":21}},"loc":{"start":{"line":6,"column":34},"end":{"line":23,"column":5}},"line":6},"1":{"name":"(anonymous_1)","decl":{"start":{"line":10,"column":14},"end":{"line":10,"column":15}},"loc":{"start":{"line":10,"column":26},"end":{"line":19,"column":9}},"line":10},"2":{"name":"(anonymous_2)","decl":{"start":{"line":20,"column":15},"end":{"line":20,"column":16}},"loc":{"start":{"line":20,"column":24},"end":{"line":22,"column":9}},"line":20}},"branchMap":{"0":{"loc":{"start":{"line":11,"column":12},"end":{"line":18,"column":13}},"type":"if","locations":[{"start":{"line":11,"column":12},"end":{"line":18,"column":13}},{"start":{"line":11,"column":12},"end":{"line":18,"column":13}}],"line":11},"1":{"loc":{"start":{"line":14,"column":16},"end":{"line":14,"column":75}},"type":"if","locations":[{"start":{"line":14,"column":16},"end":{"line":14,"column":75}},{"start":{"line":14,"column":16},"end":{"line":14,"column":75}}],"line":14}},"s":{"0":1,"1":1,"2":1,"3":1,"4":1,"5":2,"6":2,"7":0,"8":0,"9":0,"10":0,"11":0,"12":0,"13":0,"14":0,"15":0},"f":{"0":2,"1":0,"2":0},"b":{"0":[0,0],"1":[0,0]},"_coverageSchema":"1a1c01bbd47fc00a2c39e90264f33305004495a9","hash":"e567a7113a91352485f6c9653cb4155c4e5ddb58","contentHash":"f627928d8df83835d29c95d2fc68df30c2d1db42a90dc84c7b3492f966ceab90"},"C:\\Studies\\systenD\\EZWait\\repository\\profile.repository.js":{"path":"C:\\Studies\\systenD\\EZWait\\repository\\profile.repository.js","statementMap":{"0":{"start":{"line":1,"column":21},"end":{"line":1,"column":51}},"1":{"start":{"line":5,"column":8},"end":{"line":5,"column":19}},"2":{"start":{"line":6,"column":8},"end":{"line":6,"column":25}},"3":{"start":{"line":7,"column":8},"end":{"line":7,"column":69}},"4":{"start":{"line":8,"column":8},"end":{"line":8,"column":61}},"5":{"start":{"line":9,"column":8},"end":{"line":9,"column":47}},"6":{"start":{"line":10,"column":8},"end":{"line":10,"column":47}},"7":{"start":{"line":11,"column":8},"end":{"line":11,"column":65}},"8":{"start":{"line":18,"column":8},"end":{"line":23,"column":9}},"9":{"start":{"line":19,"column":31},"end":{"line":19,"column":55}},"10":{"start":{"line":20,"column":12},"end":{"line":20,"column":43}},"11":{"start":{"line":22,"column":12},"end":{"line":22,"column":69}},"12":{"start":{"line":28,"column":8},"end":{"line":38,"column":9}},"13":{"start":{"line":29,"column":28},"end":{"line":29,"column":64}},"14":{"start":{"line":30,"column":12},"end":{"line":32,"column":13}},"15":{"start":{"line":31,"column":16},"end":{"line":31,"column":53}},"16":{"start":{"line":33,"column":12},"end":{"line":33,"column":33}},"17":{"start":{"line":34,"column":35},"end":{"line":34,"column":55}},"18":{"start":{"line":35,"column":12},"end":{"line":35,"column":34}},"19":{"start":{"line":37,"column":12},"end":{"line":37,"column":78}},"20":{"start":{"line":42,"column":8},"end":{"line":47,"column":9}},"21":{"start":{"line":43,"column":28},"end":{"line":43,"column":76}},"22":{"start":{"line":44,"column":12},"end":{"line":44,"column":27}},"23":{"start":{"line":46,"column":12},"end":{"line":46,"column":85}},"24":{"start":{"line":51,"column":8},"end":{"line":56,"column":9}},"25":{"start":{"line":52,"column":29},"end":{"line":52,"column":46}},"26":{"start":{"line":53,"column":12},"end":{"line":53,"column":28}},"27":{"start":{"line":55,"column":12},"end":{"line":55,"column":75}},"28":{"start":{"line":59,"column":8},"end":{"line":64,"column":9}},"29":{"start":{"line":60,"column":28},"end":{"line":60,"column":59}},"30":{"start":{"line":61,"column":12},"end":{"line":61,"column":27}},"31":{"start":{"line":63,"column":12},"end":{"line":63,"column":74}},"32":{"start":{"line":70,"column":0},"end":{"line":70,"column":35}}},"fnMap":{"0":{"name":"(anonymous_0)","decl":{"start":{"line":4,"column":4},"end":{"line":4,"column":5}},"loc":{"start":{"line":4,"column":21},"end":{"line":13,"column":5}},"line":4},"1":{"name":"(anonymous_1)","decl":{"start":{"line":17,"column":4},"end":{"line":17,"column":5}},"loc":{"start":{"line":17,"column":41},"end":{"line":24,"column":5}},"line":17},"2":{"name":"(anonymous_2)","decl":{"start":{"line":27,"column":4},"end":{"line":27,"column":5}},"loc":{"start":{"line":27,"column":52},"end":{"line":39,"column":5}},"line":27},"3":{"name":"(anonymous_3)","decl":{"start":{"line":41,"column":4},"end":{"line":41,"column":5}},"loc":{"start":{"line":41,"column":35},"end":{"line":48,"column":5}},"line":41},"4":{"name":"(anonymous_4)","decl":{"start":{"line":50,"column":4},"end":{"line":50,"column":5}},"loc":{"start":{"line":50,"column":20},"end":{"line":57,"column":5}},"line":50},"5":{"name":"(anonymous_5)","decl":{"start":{"line":58,"column":4},"end":{"line":58,"column":5}},"loc":{"start":{"line":58,"column":25},"end":{"line":65,"column":5}},"line":58}},"branchMap":{"0":{"loc":{"start":{"line":30,"column":12},"end":{"line":32,"column":13}},"type":"if","locations":[{"start":{"line":30,"column":12},"end":{"line":32,"column":13}},{"start":{"line":30,"column":12},"end":{"line":32,"column":13}}],"line":30}},"s":{"0":1,"1":9,"2":9,"3":9,"4":9,"5":9,"6":9,"7":9,"8":0,"9":0,"10":0,"11":0,"12":0,"13":0,"14":0,"15":0,"16":0,"17":0,"18":0,"19":0,"20":1,"21":1,"22":1,"23":0,"24":1,"25":1,"26":1,"27":0,"28":0,"29":0,"30":0,"31":0,"32":1},"f":{"0":9,"1":0,"2":0,"3":1,"4":1,"5":0},"b":{"0":[0,0]},"_coverageSchema":"1a1c01bbd47fc00a2c39e90264f33305004495a9","hash":"a4c5f24bf3c2685220dff3101db81abe7cc66d8e","contentHash":"521314b709dcaf24fea2eeb9a17da364a5c0a624c63a37aa1775b05b04755889"},"C:\\Studies\\systenD\\EZWait\\models\\profile.model.js":{"path":"C:\\Studies\\systenD\\EZWait\\models\\profile.model.js","statementMap":{"0":{"start":{"line":1,"column":21},"end":{"line":1,"column":39}},"1":{"start":{"line":2,"column":26},"end":{"line":2,"column":45}},"2":{"start":{"line":3,"column":22},"end":{"line":19,"column":1}},"3":{"start":{"line":20,"column":21},"end":{"line":20,"column":53}},"4":{"start":{"line":21,"column":0},"end":{"line":21,"column":30}}},"fnMap":{},"branchMap":{},"s":{"0":1,"1":1,"2":1,"3":1,"4":1},"f":{},"b":{},"_coverageSchema":"1a1c01bbd47fc00a2c39e90264f33305004495a9","hash":"da514cc2a39e9dbafff99f8d7e6c758748a38fd6","contentHash":"5ee321016fcdeaa42a3ffee2514c87c055b8206c71abcb39d435ff3f840d9bb5"},"C:\\Studies\\systenD\\EZWait\\controllers\\userController.js":{"path":"C:\\Studies\\systenD\\EZWait\\controllers\\userController.js","statementMap":{"0":{"start":{"line":1,"column":19},"end":{"line":1,"column":56}},"1":{"start":{"line":2,"column":27},"end":{"line":2,"column":63}},"2":{"start":{"line":4,"column":0},"end":{"line":13,"column":1}},"3":{"start":{"line":6,"column":6},"end":{"line":11,"column":5}},"4":{"start":{"line":6,"column":27},"end":{"line":6,"column":55}},"5":{"start":{"line":7,"column":8},"end":{"line":7,"column":62}},"6":{"start":{"line":7,"column":20},"end":{"line":7,"column":62}},"7":{"start":{"line":8,"column":8},"end":{"line":8,"column":37}},"8":{"start":{"line":10,"column":8},"end":{"line":10,"column":42}}},"fnMap":{"0":{"name":"(anonymous_0)","decl":{"start":{"line":5,"column":17},"end":{"line":5,"column":18}},"loc":{"start":{"line":5,"column":31},"end":{"line":12,"column":5}},"line":5}},"branchMap":{"0":{"loc":{"start":{"line":7,"column":8},"end":{"line":7,"column":62}},"type":"if","locations":[{"start":{"line":7,"column":8},"end":{"line":7,"column":62}},{"start":{"line":7,"column":8},"end":{"line":7,"column":62}}],"line":7}},"s":{"0":1,"1":1,"2":1,"3":1,"4":1,"5":1,"6":1,"7":0,"8":1},"f":{"0":1},"b":{"0":[1,0]},"_coverageSchema":"1a1c01bbd47fc00a2c39e90264f33305004495a9","hash":"a144d104539131d17b7e5164f5dd118f000c8886","contentHash":"eaae08259271db14bac78793d06d1f1e6ae63c404b062a1fe9120d4a58cf1805"},"C:\\Studies\\systenD\\EZWait\\service\\profileService.js":{"path":"C:\\Studies\\systenD\\EZWait\\service\\profileService.js","statementMap":{"0":{"start":{"line":1,"column":17},"end":{"line":1,"column":36}},"1":{"start":{"line":2,"column":21},"end":{"line":2,"column":55}},"2":{"start":{"line":4,"column":17},"end":{"line":7,"column":1}},"3":{"start":{"line":10,"column":22},"end":{"line":10,"column":51}},"4":{"start":{"line":12,"column":19},"end":{"line":12,"column":34}},"5":{"start":{"line":13,"column":4},"end":{"line":15,"column":5}},"6":{"start":{"line":14,"column":8},"end":{"line":14,"column":35}},"7":{"start":{"line":16,"column":23},"end":{"line":27,"column":6}},"8":{"start":{"line":28,"column":4},"end":{"line":28,"column":46}},"9":{"start":{"line":29,"column":4},"end":{"line":29,"column":49}},"10":{"start":{"line":30,"column":4},"end":{"line":30,"column":22}},"11":{"start":{"line":32,"column":0},"end":{"line":34,"column":2}}},"fnMap":{"0":{"name":"createNewProfile","decl":{"start":{"line":9,"column":15},"end":{"line":9,"column":31}},"loc":{"start":{"line":9,"column":48},"end":{"line":31,"column":1}},"line":9}},"branchMap":{"0":{"loc":{"start":{"line":13,"column":4},"end":{"line":15,"column":5}},"type":"if","locations":[{"start":{"line":13,"column":4},"end":{"line":15,"column":5}},{"start":{"line":13,"column":4},"end":{"line":15,"column":5}}],"line":13}},"s":{"0":1,"1":1,"2":1,"3":4,"4":4,"5":4,"6":1,"7":2,"8":2,"9":2,"10":2,"11":1},"f":{"0":4},"b":{"0":[1,1]},"_coverageSchema":"1a1c01bbd47fc00a2c39e90264f33305004495a9","hash":"514885522da673a3a173119dffbd8b3eb637d216","contentHash"
[...]
bc"},"C:\\Studies\\systenD\\EZWait\\service\\scheduler.js":{"path":"C:\\Studies\\systenD\\EZWait\\service\\scheduler.js","statementMap":{"0":{"start":{"line":1,"column":27},"end":{"line":1,"column":71}},"1":{"start":{"line":2,"column":17},"end":{"line":2,"column":52}},"2":{"start":{"line":3,"column":21},"end":{"line":3,"column":39}},"3":{"start":{"line":4,"column":18},"end":{"line":4,"column":50}},"4":{"start":{"line":6,"column":15},"end":{"line":6,"column":32}},"5":{"start":{"line":7,"column":20},"end":{"line":7,"column":30}},"6":{"start":{"line":10,"column":17},"end":{"line":14,"column":1}},"7":{"start":{"line":15,"column":0},"end":{"line":133,"column":2}},"8":{"start":{"line":17,"column":8},"end":{"line":66,"column":9}},"9":{"start":{"line":18,"column":12},"end":{"line":18,"column":33}},"10":{"start":{"line":19,"column":36},"end":{"line":19,"column":72}},"11":{"start":{"line":20,"column":28},"end":{"line":20,"column":62}},"12":{"start":{"line":21,"column":30},"end":{"line":21,"column":69}},"13":{"start":{"line":22,"column":25},"end":{"line":22,"column":59}},"14":{"start":{"line":23,"column":25},"end":{"line":23,"column":59}},"15":{"start":{"line":24,"column":44},"end":{"line":24,"column":89}},"16":{"start":{"line":25,"column":42},"end":{"line":25,"column":81}},"17":{"start":{"line":27,"column":26},"end":{"line":27,"column":43}},"18":{"start":{"line":28,"column":27},"end":{"line":28,"column":57}},"19":{"start":{"line":29,"column":37},"end":{"line":29,"column":84}},"20":{"start":{"line":33,"column":12},"end":{"line":35,"column":13}},"21":{"start":{"line":34,"column":16},"end":{"line":34,"column":57}},"22":{"start":{"line":36,"column":30},"end":{"line":36,"column":81}},"23":{"start":{"line":37,"column":12},"end":{"line":39,"column":13}},"24":{"start":{"line":38,"column":16},"end":{"line":38,"column":53}},"25":{"start":{"line":40,"column":31},"end":{"line":40,"column":63}},"26":{"start":{"line":42,"column":12},"end":{"line":44,"column":13}},"27":{"start":{"line":43,"column":16},"end":{"line":43,"column":57}},"28":{"start":{"line":45,"column":28},"end":{"line":45,"column":102}},"29":{"start":{"line":46,"column":12},"end":{"line":48,"column":13}},"30":{"start":{"line":47,"column":16},"end":{"line":47,"column":56}},"31":{"start":{"line":49,"column":34},"end":{"line":49,"column":48}},"32":{"start":{"line":50,"column":35},"end":{"line":50,"column":117}},"33":{"start":{"line":52,"column":12},"end":{"line":52,"column":46}},"34":{"start":{"line":53,"column":12},"end":{"line":53,"column":32}},"35":{"start":{"line":54,"column":12},"end":{"line":54,"column":60}},"36":{"start":{"line":55,"column":12},"end":{"line":62,"column":13}},"37":{"start":{"line":56,"column":16},"end":{"line":56,"column":32}},"38":{"start":{"line":57,"column":16},"end":{"line":57,"column":37}},"39":{"start":{"line":58,"column":16},"end":{"line":58,"column":55}},"40":{"start":{"line":60,"column":16},"end":{"line":60,"column":108}},"41":{"start":{"line":61,"column":16},"end":{"line":61,"column":55}},"42":{"start":{"line":64,"column":12},"end":{"line":64,"column":71}},"43":{"start":{"line":65,"column":12},"end":{"line":65,"column":69}},"44":{"start":{"line":70,"column":8},"end":{"line":118,"column":9}},"45":{"start":{"line":71,"column":33},"end":{"line":71,"column":66}},"46":{"start":{"line":72,"column":40},"end":{"line":72,"column":82}},"47":{"start":{"line":73,"column":28},"end":{"line":73,"column":44}},"48":{"start":{"line":74,"column":28},"end":{"line":74,"column":47}},"49":{"start":{"line":75,"column":30},"end":{"line":75,"column":54}},"50":{"start":{"line":76,"column":25},"end":{"line":76,"column":44}},"51":{"start":{"line":77,"column":45},"end":{"line":77,"column":90}},"52":{"start":{"line":78,"column":43},"end":{"line":78,"column":86}},"53":{"start":{"line":79,"column":37},"end":{"line":79,"column":84}},"54":{"start":{"line":80,"column":32},"end":{"line":80,"column":42}},"55":{"start":{"line":81,"column":29},"end":{"line":81,"column":46}},"56":{"start":{"line":82,"column":33},"end":{"line":82,"column":50}},"57":{"start":{"line":83,"column":27},"end":{"line":83,"column":64}},"58":{"start":{"line":84,"column":33},"end":{"line":84,"column":89}},"59":{"start":{"line":85,"column":31},"end":{"line":85,"column":57}},"60":{"start":{"line":86,"column":12},"end":{"line":90,"column":13}},"61":{"start":{"line":87,"column":16},"end":{"line":89,"column":17}},"62":{"start":{"line":88,"column":20},"end":{"line":88,"column":76}},"63":{"start":{"line":91,"column":32},"end":{"line":91,"column":100}},"64":{"start":{"line":92,"column":12},"end":{"line":94,"column":13}},"65":{"start":{"line":93,"column":16},"end":{"line":93,"column":80}},"66":{"start":{"line":95,"column":38},"end":{"line":95,"column":70}},"67":{"start":{"line":96,"column":28},"end":{"line":96,"column":113}},"68":{"start":{"line":97,"column":12},"end":{"line":99,"column":13}},"69":{"start":{"line":98,"column":16},"end":{"line":98,"column":56}},"70":{"start":{"line":102,"column":50},"end":{"line":102,"column":141}},"71":{"start":{"line":103,"column":16},"end":{"line":103,"column":71}},"72":{"start":{"line":104,"column":16},"end":{"line":104,"column":81}},"73":{"start":{"line":105,"column":16},"end":{"line":105,"column":56}},"74":{"start":{"line":106,"column":16},"end":{"line":113,"column":17}},"75":{"start":{"line":107,"column":20},"end":{"line":107,"column":115}},"76":{"start":{"line":108,"column":20},"end":{"line":108,"column":42}},"77":{"start":{"line":111,"column":20},"end":{"line":111,"column":115}},"78":{"start":{"line":112,"column":20},"end":{"line":112,"column":128}},"79":{"start":{"line":114,"column":16},"end":{"line":114,"column":43}},"80":{"start":{"line":116,"column":12},"end":{"line":116,"column":68}},"81":{"start":{"line":117,"column":12},"end":{"line":117,"column":69}},"82":{"start":{"line":122,"column":8},"end":{"line":131,"column":9}},"83":{"start":{"line":123,"column":33},"end":{"line":123,"column":41}},"84":{"start":{"line":124,"column":34},"end":{"line":124,"column":73}},"85":{"start":{"line":125,"column":25},"end":{"line":125,"column":51}},"86":{"start":{"line":126,"column":31},"end":{"line":126,"column":121}},"87":{"start":{"line":127,"column":12},"end":{"line":127,"column":44}},"88":{"start":{"line":129,"column":12},"end":{"line":129,"column":65}},"89":{"start":{"line":130,"column":12},"end":{"line":130,"column":69}},"90":{"start":{"line":135,"column":4},"end":{"line":135,"column":119}},"91":{"start":{"line":135,"column":64},"end":{"line":135,"column":117}},"92":{"start":{"line":141,"column":16},"end":{"line":141,"column":33}},"93":{"start":{"line":142,"column":18},"end":{"line":142,"column":40}},"94":{"start":{"line":143,"column":17},"end":{"line":143,"column":38}},"95":{"start":{"line":144,"column":19},"end":{"line":144,"column":71}},"96":{"start":{"line":146,"column":4},"end":{"line":149,"column":5}},"97":{"start":{"line":147,"column":8},"end":{"line":147,"column":56}},"98":{"start":{"line":148,"column":8},"end":{"line":148,"column":28}},"99":{"start":{"line":150,"column":4},"end":{"line":150,"column":20}},"100":{"start":{"line":153,"column":62},"end":{"line":153,"column":83}},"101":{"start":{"line":154,"column":4},"end":{"line":156,"column":5}},"102":{"start":{"line":155,"column":8},"end":{"line":155,"column":49}},"103":{"start":{"line":157,"column":0},"end":{"line":157,"column":12}},"104":{"start":{"line":160,"column":25},"end":{"line":160,"column":80}},"105":{"start":{"line":161,"column":23},"end":{"line":161,"column":76}},"106":{"start":{"line":162,"column":4},"end":{"line":168,"column":5}},"107":{"start":{"line":163,"column":47},"end":{"line":163,"column":56}},"108":{"start":{"line":164,"column":24},"end":{"line":164,"column":95}},"109":{"start":{"line":165,"column":8},"end":{"line":167,"column":9}},"110":{"start":{"line":166,"column":12},"end":{"line":166,"column":52}},"111":{"start":{"line":169,"column":4},"end":{"line":169,"column":16}},"112":{"start":{"line":172,"column":18},"end":{"line":172,"column":53}},"113":{"start":{"line":173,"column":20},"end":{"line":173,"column":57}},"114":{"start":{"line":174,"column":27},"end":{"line":174,"column":59}},"115":{"start":{"line":175,"column":29},"end":{"line":175,"column":67}},"116":{"start":{"line":176,"column":29},"end":{"line":176,"column":68}},"117":{"start":{"line":177,"column":4},"end":{"line":177,"column":27}},"118":{"start":{"line":181,"column":17},"end":{"line":181,"column":32}},"119":{"start":{"line":182,"column":37},"end":{"line":182,"column":64}},"120":{"start":{"line":183,"column":4},"end":{"line":183,"column":32}},"121":{"start":{"line":184,"column":4},"end":{"line":184,"column":36}},"122":{"start":{"line":185,"column":20},"end":{"line":185,"column":34}},"123":{"start":{"line":186,"column":4},"end":{"line":186,"column":19}},"124":{"start":{"line":189,"column":4},"end":{"line":189,"column":39}},"125":{"start":{"line":190,"column":17},"end":{"line":190,"column":32}},"126":{"start":{"line":191,"column":37},"end":{"line":191,"column":69}},"127":{"start":{"line":192,"column":4},"end":{"line":192,"column":32}},"128":{"start":{"line":193,"column":4},"end":{"line":193,"column":36}},"129":{"start":{"line":194,"column":20},"end":{"line":194,"column":55}},"130":{"start":{"line":195,"column":4},"end":{"line":195,"column":37}},"131":{"start":{"line":196,"column":4},"end":{"line":196,"column":19}},"132":{"start":{"line":199,"column":17},"end":{"line":199,"column":37}},"133":{"start":{"line":200,"column":4},"end":{"line":200,"column":43}},"134":{"start":{"line":201,"column":4},"end":{"line":201,"column":30}},"135":{"start":{"line":205,"column":4},"end":{"line":214,"column":5}},"136":{"start":{"line":207,"column":12},"end":{"line":207,"column":38}},"137":{"start":{"line":209,"column":12},"end":{"line":209,"column":38}},"138":{"start":{"line":211,"column":12},"end":{"line":211,"column":38}},"139":{"start":{"line":213,"column":12},"end":{"line":213,"column":21}},"140":{"start":{"line":217,"column":24},"end":{"line":233,"column":6}},"141":{"start":{"line":234,"column":4},"end":{"line":234,"column":23}},"142":{"start":{"line":237,"column":27},"end":{"line":241,"column":5}},"143":{"start":{"line":242,"column":4},"end":{"line":242,"column":26}}},"fnMap":{"0":{"name":"(anonymous_0)","decl":{"start":{"line":16,"column":4},"end":{"line":16,"column":5}},"loc":{"start":{"line":16,"column":43},"end":{"line":67,"column":5}},"line":16},"1":{"name":"(anonymous_1)","decl":{"start":{"line":68,"column":4},"end":{"line":68,"column":5}},"loc":{"start":{"line":69,"column":4},"end":{"line":119,"column":5}},"line":69},"2":{"name":"(anonymous_2)","decl":{"start":{"line":120,"column":4},"end":{"line":120,"column":5}},"loc":{"start":{"line":121,"column":4},"end":{"line":132,"column":5}},"line":121},"3":{"name":"isAppointmentIdInSchedule","decl":{"start":{"line":134,"column":9},"end":{"line":134,"column":34}},"loc":{"start":{"line":134,"column":66},"end":{"line":136,"column":1}},"line":134},"4":{"name":"(anonymous_4)","decl":{"start":{"line":135,"column":49},"end":{"line":135,"column":50}},"loc":{"start":{"line":135,"column":64},"end":{"line":135,"column":117}},"line":135},"5":{"name":"getScheduleByDate","decl":{"start":{"line":139,"column":15},"end":{"line":139,"column":32}},"loc":{"start":{"line":140,"column":0},"end":{"line":151,"column":1}},"line":140},"6":{"name":"checkValidTime","decl":{"start":{"line":152,"column":9},"end":{"line":152,"column":23}},"loc":{"start":{"line":152,"column":60},"end":{"line":158,"column":1}},"line":152},"7":{"name":"checkTakenTime","decl":{"start":{"line":159,"column":9},"end":{"line":159,"column":23}},"loc":{"start":{"line":159,"column":86},"end":{"line":170,"column":1}},"line":159},"8":{"name":"getFormattedDateEndTime","decl":{"start":{"line":171,"column":9},"end":{"line":171,"column":32}},"loc":{"start":{"line":171,"column":55},"end":{"line":178,"column":1}},"line":171},"9":{"name":"combineDateAndHoursToDate","decl":{"start":{"line":179,"column":9},"end":{"line":179,"column":34}},"loc":{"start":{"line":180,"column":0},"end":{"line":187,"column":1}},"line":180},"10":{"name":"calculateDuration","decl":{"start":{"line":188,"column":9},"end":{"line":188,"column":26}},"loc":{"start":{"line":188,"column":51},"end":{"line":197,"column":1}},"line":188},"11":{"name":"addHoursToDate","decl":{"start":{"line":198,"column":9},"end":{"line":198,"column":23}},"loc":{"start":{"line":198,"column":43},"end":{"line":202,"column":1}},"line":198},"12":{"name":"getDurationByType","decl":{"start":{"line":204,"column":9},"end":{"line":204,"column":26}},"loc":{"start":{"line":204,"column":33},"end":{"line":215,"column":1}},"line":204},"13":{"name":"createDefultSchedule","decl":{"start":{"line":216,"column":9},"end":{"line":216,"column":29}},"loc":{"start":{"line":216,"column":48},"end":{"line":235,"column":1}},"line":216},"14":{"name":"createNewAppointmentScheduleFormat","decl":{"start":{"line":236,"column":9},"end":{"line":236,"column":43}},"loc":{"start":{"line":236,"column":92},"end":{"line":243,"column":1}},"line":236}},"branchMap":{"0":{"loc":{"start":{"line":33,"column":12},"end":{"line":35,"column":13}},"type":"if","locations":[{"start":{"line":33,"column":12},"end":{"line":35,"column":13}},{"start":{"line":33,"column":12},"end":{"line":35,"column":13}}],"line":33},"1":{"loc":{"start":{"line":37,"column":12},"end":{"line":39,"column":13}},"type":"if","locations":[{"start":{"line":37,"column":12},"end":{"line":39,"column":13}},{"start":{"line":37,"column":12},"end":{"line":39,"column":13}}],"line":37},"2":{"loc":{"start":{"line":42,"column":12},"end":{"line":44,"column":13}},"type":"if","locations":[{"start":{"line":42,"column":12},"end":{"line":44,"column":13}},{"start":{"line":42,"column":12},"end":{"line":44,"column":13}}],"line":42},"3":{"loc":{"start":{"line":46,"column":12},"end":{"line":48,"column":13}},"type":"if","locations":[{"start":{"line":46,"column":12},"end":{"line":48,"column":13}},{"start":{"line":46,"column":12},"end":{"line":48,"column":13}}],"line":46},"4":{"loc":{"start":{"line":55,"column":12},"end":{"line":62,"column":13}},"type":"if","locations":[{"start":{"line":55,"column":12},"end":{"line":62,"column":13}},{"start":{"line":55,"column":12},"end":{"line":62,"column":13}}],"line":55},"5":{"loc":{"start":{"line":86,"column":12},"end":{"line":90,"column":13}},"type":"if","locations":[{"start":{"line":86,"column":12},"end":{"line":90,"column":13}},{"start":{"line":86,"column":12},"end":{"line":90,"column":13}}],"line":86},"6":{"loc":{"start":{"line":87,"column":16},"end":{"line":89,"column":17}},"type":"if","locations":[{"start":{"line":87,"column":16},"end":{"line":89,"column":17}},{"start":{"line":87,"column":16},"end":{"line":89,"column":17}}],"line":87},"7":{"loc":{"start":{"line":92,"column":12},"end":{"line":94,"column":13}},"type":"if","locations":[{"start":{"line":92,"column":12},"end":{"line":94,"column":13}},{"start":{"line":92,"column":12},"end":{"line":94,"column":13}}],"line":92},"8":{"loc":{"start":{"line":97,"column":12},"end":{"line":99,"column":13}},"type":"if","locations":[{"start":{"line":97,"column":12},"end":{"line":99,"column":13}},{"start":{"line":97,"column":12},"end":{"line":99,"column":13}}],"line":97},"9":{"loc":{"start":{"line":106,"column":16},"end":{"line":113,"column":17}},"type":"if","locations":[{"start":{"line":106,"column":16},"end":{"line":113,"column":17}},{"start":{"line":106,"column":16},"end":{"line":113,"column":17}}],"line":106},"10":{"loc":{"start":{"line":146,"column":4},"end":{"line":149,"column":5}},"type":"if","locations":[{"start":{"line":146,"column":4},"end":{"line":149,"column":5}},{"start":{"line":146,"column":4},"end":{"line":149,"column":5}}],"line":146},"11":{"loc":{"start":{"line":154,"column":4},"end":{"line":156,"column":5}},"type":"if","locations":[{"start":{"line":154,"column":4},"end":{"line":156,"column":5}},{"start":{"line":154,"column":4},"end":{"line":156,"column":5}}],"line":154},"12":{"loc":{"start":{"line":154,"column":8},"end":{"line":154,"column":128}},"type":"binary-expr","locations":[{"start":{"line":154,"column":8},"end":{"line":154,"column":33}},{"start":{"line":154,"column":37},"end":{"line":154,"column":66}},{"start":{"line":154,"column":70},"end":{"line":154,"column":97}},{"start":{"line":154,"column":101},"end":{"line":154,"column":127}}],"line":154},"13":{"loc":{"start":{"line":165,"column":8},"end":{"line":167,"column":9}},"type":"if","locations":[{"start":{"line":165,"column":8},"end":{"line":167,"column":9}},{"start":{"line":165,"column":8},"end":{"line":167,"column":9}}],"line":165},"14":{"loc":{"start":{"line":165,"column":12},"end":{"line":165,"column":82}},"type":"binary-expr","locations":[{"start":{"line":165,"column":12},"end":{"line":165,"column":42}},{"start":{"line":165,"column":46},"end":{"line":165,"column":82}}],"line":165},"15":{"loc":{"start":{"line":174,"column":27},"end":{"line":174,"column":59}},"type":"cond-expr","locations":[{"start":{"line":174,"column":40},"end":{"line":174,"column":51}},{"start":{"line":174,"column":54},"end":{"line":174,"column":59}}],"line":174},"16":{"loc":{"start":{"line":175,"column":29},"end":{"line":175,"column":67}},"type":"cond-expr","locations":[{"start":{"line":175,"column":44},"end":{"line":175,"column":57}},{"start":{"line":175,"column":60},"end":{"line":175,"column":67}}],"line":175},"17":{"loc":{"start":{"line":205,"column":4},"end":{"line":214,"column":5}},"type":"switch","locations":[{"start":{"line":206,"column":8},"end":{"line":207,"column":38}},{"start":{"line":208,"column":8},"end":{"line":209,"column":38}},{"start":{"line":210,"column":8},"end":{"line":211,"column":38}},{"start":{"line":212,"column":8},"end":{"line":213,"column":21}}],"line":205}},"s":{"0":1,"1":1,"2":1,"3":1,"4":1,"5":1,"6":1,"7":1,"8":2,"9":2,"10":2,"11":1,"12":1,"13":1,"14":1,"15":1,"16":1,"17":1,"18":1,"19":0,"20":0,"21":0,"22":0,"23":0,"24":0,"25":0,"26":0,"27":0,"28":0,"29":0,"30":0,"31":0,"32":0,"33":0,"34":0,"35":0,"36":0,"37":0,"38":0,"39":0,"40":0,"41":0,"42":2,"43":2,"44":2,"45":2,"46":1,"47":0,"48":0,"49":0,"50":0,"51":0,"52":0,"53":0,"54":0,"55":0,"56":0,"57":0,"58":0,"59":0,"60":0,"61":0,"62":0,"63":0,"64":0,"65":0,"66":0,"67":0,"68":0,"69":0,"70":0,"71":0,"72":0,"73":0,"74":0,"75":0,"76":0,"77":0,"78":0,"79":0,"80":2,"81":2,"82":2,"83":2,"84":2,"85":0,"86":0,"87":0,"88":2,"89":2,"90":0,"91":0,"92":1,"93":1,"94":1,"95":1,"96":0,"97":0,"98":0,"99":0,"100":0,"101":0,"102":0,"103":0,"104":0,"105":0,"106":0,"107":0,"108":0,"109":0,"110":0,"111":0,"112":0,"113":0,"114":0,"115":0,"116":0,"117":0,"118":1,"119":1,"120":1,"121":1,"122":1,"123":1,"124":1,"125":1,"126":1,"127":1,"128":1,"129":1,"130":1,"131":1,"132":0,"133":0,"134":0,"135":1,"136":1,"137":0,"138":0,"139":0,"140":0,"141":0,"142":0,"143":0},"f":{"0":2,"1":2,"2":2,"3":0,"4":0,"5":1,"6":0,"7":0,"8":0,"9":1,"10":1,"11":0,"12":1,"13":0,"14":0},"b":{"0":[0,0],"1":[0,0],"2":[0,0],"3":[0,0],"4":[0,0],"5":[0,0],"6":[0,0],"7":[0,0],"8":[0,0],"9":[0,0],"10":[0,0],"11":[0,0],"12":[0,0,0,0],"13":[0,0],"14":[0,0],"15":[0,0],"16":[0,0],"17":[1,0,0,0]},"_coverageSchema":"1a1c01bbd47fc00a2c39e90264f33305004495a9","hash":"d5e4497ced5485ed6177e516cc857be37fb2187e","contentHash":"46e31b2e31b26c0fbe82dc80d9c6804e77c54afb21278f11c89490133c281fae"},"C:\\Studies\\systenD\\EZWait\\routers\\userRouter.js":{"path":"C:\\Studies\\systenD\\EZWait\\routers\\userRouter.js","statementMap":{"0":{"start":{"line":1,"column":16},"end":{"line":1,"column":34}},"1":{"start":{"line":2,"column":23},"end":{"line":2,"column":63}},"2":{"start":{"line":3,"column":19},"end":{"line":3,"column":35}},"3":{"start":{"line":4,"column":0},"end":{"line":4,"column":59}},"4":{"start":{"line":5,"column":0},"end":{"line":5,"column":28}}},"fnMap":{},"branchMap":{},"s":{"0":1,"1":1,"2":1,"3":1,"4":1},"f":{},"b":{},"_coverageSchema":"1a1c01bbd47fc00a2c39e90264f33305004495a9","hash":"2d0959a3f84a8f04ae3b3847269ba5932f7ac96c","contentHash":"9981f6a11b65df0f49f48233ac33fbeec9477639a4e4d6ae9e1103b576c0e611"}}